<?xml version="1.0" encoding="UTF-8"?>
<robot generator="Robot 3.2.1 (Python 3.8.3 on win32)" generated="20200728 13:46:32.916" rpa="false">
<suite id="s1" name="Robotframework-Spass-Api-Integration-Testing" source="C:\Robot\Git Repo\SPASS_DEV\robotframework-spass-api-integration-testing">
<suite id="s1-s1" name="SPass Dev Regress &amp; Smoke" source="C:\Robot\Git Repo\SPASS_DEV\robotframework-spass-api-integration-testing\SPass_Dev_Regress &amp; Smoke.robot">
<test id="s1-s1-t1" name="TestRejected">
<kw name="Open Browser" library="Selenium2Library">
<doc>Opens a new browser instance to the optional ``url``.</doc>
<arguments>
<arg>https://dev-admin.samsungpass.com/#/</arg>
<arg>${browsers}[0]</arg>
</arguments>
<msg timestamp="20200728 13:46:35.196" level="INFO">Opening browser 'Chrome' to base url 'https://dev-admin.samsungpass.com/#/'.</msg>
<status status="PASS" starttime="20200728 13:46:35.194" endtime="20200728 13:47:10.443"></status>
</kw>
<kw name="Maximize Browser Window" library="Selenium2Library">
<doc>Maximizes current browser window.</doc>
<status status="PASS" starttime="20200728 13:47:10.444" endtime="20200728 13:47:11.735"></status>
</kw>
<kw name="Set Browser Implicit Wait" library="Selenium2Library">
<doc>Sets the implicit wait value used by Selenium.</doc>
<arguments>
<arg>10s</arg>
</arguments>
<status status="PASS" starttime="20200728 13:47:11.735" endtime="20200728 13:47:11.739"></status>
</kw>
<kw name="Sleep" library="BuiltIn">
<doc>Pauses the test executed for the given time.</doc>
<arguments>
<arg>2s</arg>
</arguments>
<msg timestamp="20200728 13:47:13.742" level="INFO">Slept 2 seconds</msg>
<status status="PASS" starttime="20200728 13:47:11.740" endtime="20200728 13:47:13.742"></status>
</kw>
<kw name="Wait Until Element Is Visible" library="Selenium2Library">
<doc>Waits until the element ``locator`` is visible.</doc>
<arguments>
<arg>id=lnbAppManagementLink</arg>
</arguments>
<status status="PASS" starttime="20200728 13:47:13.743" endtime="20200728 13:47:13.791"></status>
</kw>
<kw name="Click Element" library="Selenium2Library">
<doc>Click the element identified by ``locator``.</doc>
<arguments>
<arg>id=lnbAppManagementLink</arg>
</arguments>
<msg timestamp="20200728 13:47:13.792" level="INFO">Clicking element 'id=lnbAppManagementLink'.</msg>
<status status="PASS" starttime="20200728 13:47:13.792" endtime="20200728 13:47:13.959"></status>
</kw>
<kw name="Title Should Be" library="Selenium2Library">
<doc>Verifies that the current page title equals ``title``.</doc>
<arguments>
<arg>Samsung Pass</arg>
</arguments>
<msg timestamp="20200728 13:47:13.968" level="INFO">Page title is 'Samsung Pass'.</msg>
<status status="PASS" starttime="20200728 13:47:13.960" endtime="20200728 13:47:13.969"></status>
</kw>
<kw name="Page Should Contain" library="Selenium2Library">
<doc>Verifies that current page contains ``text``.</doc>
<arguments>
<arg>Apps</arg>
</arguments>
<msg timestamp="20200728 13:47:14.020" level="INFO">Current page contains text 'Apps'.</msg>
<status status="PASS" starttime="20200728 13:47:13.969" endtime="20200728 13:47:14.021"></status>
</kw>
<kw name="Sleep" library="BuiltIn">
<doc>Pauses the test executed for the given time.</doc>
<arguments>
<arg>3s</arg>
</arguments>
<msg timestamp="20200728 13:47:17.023" level="INFO">Slept 3 seconds</msg>
<status status="PASS" starttime="20200728 13:47:14.021" endtime="20200728 13:47:17.024"></status>
</kw>
<kw name="Click Element" library="Selenium2Library">
<doc>Click the element identified by ``locator``.</doc>
<arguments>
<arg>//*[@class='css-1gg9gay']//*[contains(text(),'From')]</arg>
</arguments>
<msg timestamp="20200728 13:47:17.026" level="INFO">Clicking element '//*[@class='css-1gg9gay']//*[contains(text(),'From')]'.</msg>
<status status="PASS" starttime="20200728 13:47:17.025" endtime="20200728 13:47:18.159"></status>
</kw>
<kw name="Sleep" library="BuiltIn">
<doc>Pauses the test executed for the given time.</doc>
<arguments>
<arg>2s</arg>
</arguments>
<msg timestamp="20200728 13:47:20.163" level="INFO">Slept 2 seconds</msg>
<status status="PASS" starttime="20200728 13:47:18.160" endtime="20200728 13:47:20.163"></status>
</kw>
<kw name="Wait Until Page Contains" library="Selenium2Library">
<doc>Waits until ``text`` appears on the current page.</doc>
<arguments>
<arg>July 2020</arg>
</arguments>
<status status="PASS" starttime="20200728 13:47:20.164" endtime="20200728 13:47:20.206"></status>
</kw>
<kw name="Sleep" library="BuiltIn">
<doc>Pauses the test executed for the given time.</doc>
<arguments>
<arg>2s</arg>
</arguments>
<msg timestamp="20200728 13:47:22.210" level="INFO">Slept 2 seconds</msg>
<status status="PASS" starttime="20200728 13:47:20.207" endtime="20200728 13:47:22.211"></status>
</kw>
<kw name="Click Element" library="Selenium2Library">
<doc>Click the element identified by ``locator``.</doc>
<arguments>
<arg>//div[@class='react-datepicker__day react-datepicker__day--001']</arg>
</arguments>
<msg timestamp="20200728 13:47:22.213" level="INFO">Clicking element '//div[@class='react-datepicker__day react-datepicker__day--001']'.</msg>
<status status="PASS" starttime="20200728 13:47:22.212" endtime="20200728 13:47:22.717"></status>
</kw>
<kw name="Sleep" library="BuiltIn">
<doc>Pauses the test executed for the given time.</doc>
<arguments>
<arg>2s</arg>
</arguments>
<msg timestamp="20200728 13:47:24.720" level="INFO">Slept 2 seconds</msg>
<status status="PASS" starttime="20200728 13:47:22.718" endtime="20200728 13:47:24.720"></status>
</kw>
<kw name="Click Element" library="Selenium2Library">
<doc>Click the element identified by ``locator``.</doc>
<arguments>
<arg>//*[@class='css-1gg9gay']//*[contains(text(),'To')]</arg>
</arguments>
<msg timestamp="20200728 13:47:24.722" level="INFO">Clicking element '//*[@class='css-1gg9gay']//*[contains(text(),'To')]'.</msg>
<status status="PASS" starttime="20200728 13:47:24.721" endtime="20200728 13:47:25.042"></status>
</kw>
<kw name="Sleep" library="BuiltIn">
<doc>Pauses the test executed for the given time.</doc>
<arguments>
<arg>2s</arg>
</arguments>
<msg timestamp="20200728 13:47:27.044" level="INFO">Slept 2 seconds</msg>
<status status="PASS" starttime="20200728 13:47:25.042" endtime="20200728 13:47:27.045"></status>
</kw>
<kw name="Wait Until Page Contains" library="Selenium2Library">
<doc>Waits until ``text`` appears on the current page.</doc>
<arguments>
<arg>July 2020</arg>
</arguments>
<status status="PASS" starttime="20200728 13:47:27.046" endtime="20200728 13:47:27.403"></status>
</kw>
<kw name="Sleep" library="BuiltIn">
<doc>Pauses the test executed for the given time.</doc>
<arguments>
<arg>2s</arg>
</arguments>
<msg timestamp="20200728 13:47:29.407" level="INFO">Slept 2 seconds</msg>
<status status="PASS" starttime="20200728 13:47:27.404" endtime="20200728 13:47:29.408"></status>
</kw>
<kw name="Click Element" library="Selenium2Library">
<doc>Click the element identified by ``locator``.</doc>
<arguments>
<arg>//div[@class='react-datepicker__day react-datepicker__day--028 react-datepicker__day--today']</arg>
</arguments>
<msg timestamp="20200728 13:47:29.409" level="INFO">Clicking element '//div[@class='react-datepicker__day react-datepicker__day--028 react-datepicker__day--today']'.</msg>
<status status="PASS" starttime="20200728 13:47:29.408" endtime="20200728 13:47:29.725"></status>
</kw>
<kw name="Sleep" library="BuiltIn">
<doc>Pauses the test executed for the given time.</doc>
<arguments>
<arg>2s</arg>
</arguments>
<msg timestamp="20200728 13:47:31.728" level="INFO">Slept 2 seconds</msg>
<status status="PASS" starttime="20200728 13:47:29.726" endtime="20200728 13:47:31.728"></status>
</kw>
<kw name="Click Element" library="Selenium2Library">
<doc>Click the element identified by ``locator``.</doc>
<arguments>
<arg>//button[@class='css-doaywb']</arg>
</arguments>
<msg timestamp="20200728 13:47:31.730" level="INFO">Clicking element '//button[@class='css-doaywb']'.</msg>
<status status="PASS" starttime="20200728 13:47:31.729" endtime="20200728 13:47:33.153"></status>
</kw>
<kw name="Page Should Contain" library="Selenium2Library">
<doc>Verifies that current page contains ``text``.</doc>
<arguments>
<arg>2020-07</arg>
</arguments>
<msg timestamp="20200728 13:47:33.223" level="INFO">Current page contains text '2020-07'.</msg>
<status status="PASS" starttime="20200728 13:47:33.155" endtime="20200728 13:47:33.224"></status>
</kw>
<kw name="Sleep" library="BuiltIn">
<doc>Pauses the test executed for the given time.</doc>
<arguments>
<arg>2s</arg>
</arguments>
<msg timestamp="20200728 13:47:35.225" level="INFO">Slept 2 seconds</msg>
<status status="PASS" starttime="20200728 13:47:33.224" endtime="20200728 13:47:35.226"></status>
</kw>
<kw name="Wait Until Element Is Visible" library="Selenium2Library">
<doc>Waits until the element ``locator`` is visible.</doc>
<arguments>
<arg>//*[@class='css-1vwly8k']</arg>
</arguments>
<status status="PASS" starttime="20200728 13:47:35.226" endtime="20200728 13:47:35.630"></status>
</kw>
<kw name="Capture Page Screenshot" library="Selenium2Library">
<doc>Takes a screenshot of the current page and embeds it into a log file.</doc>
<msg timestamp="20200728 13:47:36.311" level="INFO" html="yes">&lt;/td&gt;&lt;/tr&gt;&lt;tr&gt;&lt;td colspan="3"&gt;&lt;a href="selenium-screenshot-1.png"&gt;&lt;img src="selenium-screenshot-1.png" width="800px"&gt;&lt;/a&gt;</msg>
<status status="PASS" starttime="20200728 13:47:35.631" endtime="20200728 13:47:36.312"></status>
</kw>
<kw name="Sleep" library="BuiltIn">
<doc>Pauses the test executed for the given time.</doc>
<arguments>
<arg>2s</arg>
</arguments>
<msg timestamp="20200728 13:47:38.315" level="INFO">Slept 2 seconds</msg>
<status status="PASS" starttime="20200728 13:47:36.312" endtime="20200728 13:47:38.316"></status>
</kw>
<kw name="Click Element" library="Selenium2Library">
<doc>Click the element identified by ``locator``.</doc>
<arguments>
<arg>//li[@class='rc-pagination-next']//div[@id='iconButtonComponent']//*[local-name()='svg']</arg>
</arguments>
<msg timestamp="20200728 13:47:38.318" level="INFO">Clicking element '//li[@class='rc-pagination-next']//div[@id='iconButtonComponent']//*[local-name()='svg']'.</msg>
<status status="PASS" starttime="20200728 13:47:38.317" endtime="20200728 13:47:38.957"></status>
</kw>
<kw name="Sleep" library="BuiltIn">
<doc>Pauses the test executed for the given time.</doc>
<arguments>
<arg>2s</arg>
</arguments>
<msg timestamp="20200728 13:47:40.960" level="INFO">Slept 2 seconds</msg>
<status status="PASS" starttime="20200728 13:47:38.957" endtime="20200728 13:47:40.961"></status>
</kw>
<kw name="Click Element" library="Selenium2Library">
<doc>Click the element identified by ``locator``.</doc>
<arguments>
<arg>//li[@class='rc-pagination-next']//div[@id='iconButtonComponent']//*[local-name()='svg']</arg>
</arguments>
<msg timestamp="20200728 13:47:40.962" level="INFO">Clicking element '//li[@class='rc-pagination-next']//div[@id='iconButtonComponent']//*[local-name()='svg']'.</msg>
<status status="PASS" starttime="20200728 13:47:40.961" endtime="20200728 13:47:41.360"></status>
</kw>
<kw name="Sleep" library="BuiltIn">
<doc>Pauses the test executed for the given time.</doc>
<arguments>
<arg>2s</arg>
</arguments>
<msg timestamp="20200728 13:47:43.364" level="INFO">Slept 2 seconds</msg>
<status status="PASS" starttime="20200728 13:47:41.361" endtime="20200728 13:47:43.365"></status>
</kw>
<kw name="Click Element" library="Selenium2Library">
<doc>Click the element identified by ``locator``.</doc>
<arguments>
<arg>//li[@class='rc-pagination-next']//div[@id='iconButtonComponent']//*[local-name()='svg']</arg>
</arguments>
<msg timestamp="20200728 13:47:43.375" level="INFO">Clicking element '//li[@class='rc-pagination-next']//div[@id='iconButtonComponent']//*[local-name()='svg']'.</msg>
<status status="PASS" starttime="20200728 13:47:43.365" endtime="20200728 13:47:43.759"></status>
</kw>
<kw name="Sleep" library="BuiltIn">
<doc>Pauses the test executed for the given time.</doc>
<arguments>
<arg>2s</arg>
</arguments>
<msg timestamp="20200728 13:47:45.762" level="INFO">Slept 2 seconds</msg>
<status status="PASS" starttime="20200728 13:47:43.759" endtime="20200728 13:47:45.763"></status>
</kw>
<kw name="Click Element" library="Selenium2Library">
<doc>Click the element identified by ``locator``.</doc>
<arguments>
<arg>//button[@id='spassAppsFilterClearBtn']</arg>
</arguments>
<msg timestamp="20200728 13:47:45.764" level="INFO">Clicking element '//button[@id='spassAppsFilterClearBtn']'.</msg>
<status status="PASS" starttime="20200728 13:47:45.763" endtime="20200728 13:47:46.619"></status>
</kw>
<kw name="Sleep" library="BuiltIn">
<doc>Pauses the test executed for the given time.</doc>
<arguments>
<arg>5s</arg>
</arguments>
<msg timestamp="20200728 13:47:51.622" level="INFO">Slept 5 seconds</msg>
<status status="PASS" starttime="20200728 13:47:46.620" endtime="20200728 13:47:51.623"></status>
</kw>
<kw name="Click Element" library="Selenium2Library">
<doc>Click the element identified by ``locator``.</doc>
<arguments>
<arg>//*[@class='css-1gg9gay']//*[contains(text(),'From')]</arg>
</arguments>
<msg timestamp="20200728 13:47:51.625" level="INFO">Clicking element '//*[@class='css-1gg9gay']//*[contains(text(),'From')]'.</msg>
<status status="PASS" starttime="20200728 13:47:51.624" endtime="20200728 13:47:51.830"></status>
</kw>
<kw name="Sleep" library="BuiltIn">
<doc>Pauses the test executed for the given time.</doc>
<arguments>
<arg>2s</arg>
</arguments>
<msg timestamp="20200728 13:47:53.833" level="INFO">Slept 2 seconds</msg>
<status status="PASS" starttime="20200728 13:47:51.830" endtime="20200728 13:47:53.834"></status>
</kw>
<kw name="Wait Until Page Contains" library="Selenium2Library">
<doc>Waits until ``text`` appears on the current page.</doc>
<arguments>
<arg>July 2020</arg>
</arguments>
<status status="PASS" starttime="20200728 13:47:53.835" endtime="20200728 13:47:54.103"></status>
</kw>
<kw name="Sleep" library="BuiltIn">
<doc>Pauses the test executed for the given time.</doc>
<arguments>
<arg>2s</arg>
</arguments>
<msg timestamp="20200728 13:47:56.107" level="INFO">Slept 2 seconds</msg>
<status status="PASS" starttime="20200728 13:47:54.104" endtime="20200728 13:47:56.109"></status>
</kw>
<kw name="Click Element" library="Selenium2Library">
<doc>Click the element identified by ``locator``.</doc>
<arguments>
<arg>//div[@class='react-datepicker__day react-datepicker__day--001']</arg>
</arguments>
<msg timestamp="20200728 13:47:56.111" level="INFO">Clicking element '//div[@class='react-datepicker__day react-datepicker__day--001']'.</msg>
<status status="PASS" starttime="20200728 13:47:56.110" endtime="20200728 13:47:57.357"></status>
</kw>
<kw name="Sleep" library="BuiltIn">
<doc>Pauses the test executed for the given time.</doc>
<arguments>
<arg>2s</arg>
</arguments>
<msg timestamp="20200728 13:47:59.361" level="INFO">Slept 2 seconds</msg>
<status status="PASS" starttime="20200728 13:47:57.358" endtime="20200728 13:47:59.362"></status>
</kw>
<kw name="Click Element" library="Selenium2Library">
<doc>Click the element identified by ``locator``.</doc>
<arguments>
<arg>//button[@class='css-doaywb']</arg>
</arguments>
<msg timestamp="20200728 13:47:59.367" level="INFO">Clicking element '//button[@class='css-doaywb']'.</msg>
<status status="PASS" starttime="20200728 13:47:59.363" endtime="20200728 13:47:59.904"></status>
</kw>
<kw name="Page Should Contain" library="Selenium2Library">
<doc>Verifies that current page contains ``text``.</doc>
<arguments>
<arg>2020-07</arg>
</arguments>
<msg timestamp="20200728 13:47:59.980" level="INFO">Current page contains text '2020-07'.</msg>
<status status="PASS" starttime="20200728 13:47:59.905" endtime="20200728 13:47:59.981"></status>
</kw>
<kw name="Sleep" library="BuiltIn">
<doc>Pauses the test executed for the given time.</doc>
<arguments>
<arg>2s</arg>
</arguments>
<msg timestamp="20200728 13:48:01.984" level="INFO">Slept 2 seconds</msg>
<status status="PASS" starttime="20200728 13:47:59.981" endtime="20200728 13:48:01.984"></status>
</kw>
<kw name="Wait Until Element Is Visible" library="Selenium2Library">
<doc>Waits until the element ``locator`` is visible.</doc>
<arguments>
<arg>//*[@class='css-1vwly8k']</arg>
</arguments>
<status status="PASS" starttime="20200728 13:48:01.985" endtime="20200728 13:48:02.015"></status>
</kw>
<kw name="Capture Page Screenshot" library="Selenium2Library">
<doc>Takes a screenshot of the current page and embeds it into a log file.</doc>
<msg timestamp="20200728 13:48:02.772" level="INFO" html="yes">&lt;/td&gt;&lt;/tr&gt;&lt;tr&gt;&lt;td colspan="3"&gt;&lt;a href="selenium-screenshot-2.png"&gt;&lt;img src="selenium-screenshot-2.png" width="800px"&gt;&lt;/a&gt;</msg>
<status status="PASS" starttime="20200728 13:48:02.015" endtime="20200728 13:48:02.773"></status>
</kw>
<kw name="Sleep" library="BuiltIn">
<doc>Pauses the test executed for the given time.</doc>
<arguments>
<arg>2s</arg>
</arguments>
<msg timestamp="20200728 13:48:04.791" level="INFO">Slept 2 seconds</msg>
<status status="PASS" starttime="20200728 13:48:02.774" endtime="20200728 13:48:04.792"></status>
</kw>
<kw name="Click Element" library="Selenium2Library">
<doc>Click the element identified by ``locator``.</doc>
<arguments>
<arg>//button[@id='spassAppsFilterClearBtn']</arg>
</arguments>
<msg timestamp="20200728 13:48:04.805" level="INFO">Clicking element '//button[@id='spassAppsFilterClearBtn']'.</msg>
<status status="PASS" starttime="20200728 13:48:04.792" endtime="20200728 13:48:05.195"></status>
</kw>
<kw name="Sleep" library="BuiltIn">
<doc>Pauses the test executed for the given time.</doc>
<arguments>
<arg>5s</arg>
</arguments>
<msg timestamp="20200728 13:48:10.199" level="INFO">Slept 5 seconds</msg>
<status status="PASS" starttime="20200728 13:48:05.196" endtime="20200728 13:48:10.199"></status>
</kw>
<kw name="Click Element" library="Selenium2Library">
<doc>Click the element identified by ``locator``.</doc>
<arguments>
<arg>//*[@class='css-1gg9gay']//*[contains(text(),'To')]</arg>
</arguments>
<msg timestamp="20200728 13:48:10.201" level="INFO">Clicking element '//*[@class='css-1gg9gay']//*[contains(text(),'To')]'.</msg>
<status status="PASS" starttime="20200728 13:48:10.200" endtime="20200728 13:48:10.289"></status>
</kw>
<kw name="Sleep" library="BuiltIn">
<doc>Pauses the test executed for the given time.</doc>
<arguments>
<arg>2s</arg>
</arguments>
<msg timestamp="20200728 13:48:12.292" level="INFO">Slept 2 seconds</msg>
<status status="PASS" starttime="20200728 13:48:10.290" endtime="20200728 13:48:12.292"></status>
</kw>
<kw name="Wait Until Page Contains" library="Selenium2Library">
<doc>Waits until ``text`` appears on the current page.</doc>
<arguments>
<arg>July 2020</arg>
</arguments>
<status status="PASS" starttime="20200728 13:48:12.293" endtime="20200728 13:48:12.307"></status>
</kw>
<kw name="Sleep" library="BuiltIn">
<doc>Pauses the test executed for the given time.</doc>
<arguments>
<arg>2s</arg>
</arguments>
<msg timestamp="20200728 13:48:14.310" level="INFO">Slept 2 seconds</msg>
<status status="PASS" starttime="20200728 13:48:12.307" endtime="20200728 13:48:14.311"></status>
</kw>
<kw name="Click Element" library="Selenium2Library">
<doc>Click the element identified by ``locator``.</doc>
<arguments>
<arg>//div[@class='react-datepicker__day react-datepicker__day--001']</arg>
</arguments>
<msg timestamp="20200728 13:48:14.313" level="INFO">Clicking element '//div[@class='react-datepicker__day react-datepicker__day--001']'.</msg>
<status status="PASS" starttime="20200728 13:48:14.312" endtime="20200728 13:48:14.710"></status>
</kw>
<kw name="Sleep" library="BuiltIn">
<doc>Pauses the test executed for the given time.</doc>
<arguments>
<arg>2s</arg>
</arguments>
<msg timestamp="20200728 13:48:16.714" level="INFO">Slept 2 seconds</msg>
<status status="PASS" starttime="20200728 13:48:14.711" endtime="20200728 13:48:16.715"></status>
</kw>
<kw name="Click Element" library="Selenium2Library">
<doc>Click the element identified by ``locator``.</doc>
<arguments>
<arg>//button[@class='css-doaywb']</arg>
</arguments>
<msg timestamp="20200728 13:48:16.748" level="INFO">Clicking element '//button[@class='css-doaywb']'.</msg>
<status status="PASS" starttime="20200728 13:48:16.715" endtime="20200728 13:48:17.187"></status>
</kw>
<kw name="Page Should Contain" library="Selenium2Library">
<doc>Verifies that current page contains ``text``.</doc>
<arguments>
<arg>2020-07</arg>
</arguments>
<kw name="Capture Page Screenshot" library="Selenium2Library">
<doc>Takes a screenshot of the current page and embeds it into a log file.</doc>
<msg timestamp="20200728 13:48:38.892" level="INFO" html="yes">&lt;/td&gt;&lt;/tr&gt;&lt;tr&gt;&lt;td colspan="3"&gt;&lt;a href="selenium-screenshot-3.png"&gt;&lt;img src="selenium-screenshot-3.png" width="800px"&gt;&lt;/a&gt;</msg>
<status status="PASS" starttime="20200728 13:48:38.414" endtime="20200728 13:48:38.893"></status>
</kw>
<msg timestamp="20200728 13:48:38.899" level="FAIL">Page should have contained text '2020-07' but did not.</msg>
<status status="FAIL" starttime="20200728 13:48:17.188" endtime="20200728 13:48:38.900"></status>
</kw>
<tags>
<tag>Smoke</tag>
</tags>
<status status="FAIL" starttime="20200728 13:46:35.191" endtime="20200728 13:48:38.901" critical="yes">Page should have contained text '2020-07' but did not.</status>
</test>
<status status="FAIL" starttime="20200728 13:46:33.258" endtime="20200728 13:48:38.903"></status>
</suite>
<status status="FAIL" starttime="20200728 13:46:33.064" endtime="20200728 13:48:38.908"></status>
</suite>
<statistics>
<total>
<stat pass="0" fail="1">Critical Tests</stat>
<stat pass="0" fail="1">All Tests</stat>
</total>
<tag>
<stat pass="0" fail="1">Smoke</stat>
</tag>
<suite>
<stat pass="0" fail="1" id="s1" name="Robotframework-Spass-Api-Integration-Testing">Robotframework-Spass-Api-Integration-Testing</stat>
<stat pass="0" fail="1" id="s1-s1" name="SPass Dev Regress &amp; Smoke">Robotframework-Spass-Api-Integration-Testing.SPass Dev Regress &amp; Smoke</stat>
</suite>
</statistics>
<errors>
</errors>
</robot>
