<?xml version="1.0" encoding="UTF-8"?>
<robot generator="Robot 3.2.1 (Python 3.8.3 on win32)" generated="20200728 14:53:25.342" rpa="false">
<suite id="s1" name="Robotframework-Spass-Api-Integration-Testing" source="C:\Robot\Git Repo\SPASS_DEV\robotframework-spass-api-integration-testing">
<suite id="s1-s1" name="SPass Dev Regress &amp; Smoke" source="C:\Robot\Git Repo\SPASS_DEV\robotframework-spass-api-integration-testing\SPass_Dev_Regress &amp; Smoke.robot">
<test id="s1-s1-t1" name="AppsList">
<kw name="Open Browser" library="Selenium2Library">
<doc>Opens a new browser instance to the optional ``url``.</doc>
<arguments>
<arg>https://dev-admin.samsungpass.com/#/</arg>
<arg>${browsers}[0]</arg>
</arguments>
<msg timestamp="20200728 14:53:25.855" level="INFO">Opening browser 'Chrome' to base url 'https://dev-admin.samsungpass.com/#/'.</msg>
<status status="PASS" starttime="20200728 14:53:25.854" endtime="20200728 14:53:31.530"></status>
</kw>
<kw name="Maximize Browser Window" library="Selenium2Library">
<doc>Maximizes current browser window.</doc>
<status status="PASS" starttime="20200728 14:53:31.531" endtime="20200728 14:53:32.760"></status>
</kw>
<kw name="Set Browser Implicit Wait" library="Selenium2Library">
<doc>Sets the implicit wait value used by Selenium.</doc>
<arguments>
<arg>10s</arg>
</arguments>
<status status="PASS" starttime="20200728 14:53:32.761" endtime="20200728 14:53:32.765"></status>
</kw>
<kw name="Sleep" library="BuiltIn">
<doc>Pauses the test executed for the given time.</doc>
<arguments>
<arg>2s</arg>
</arguments>
<msg timestamp="20200728 14:53:34.768" level="INFO">Slept 2 seconds</msg>
<status status="PASS" starttime="20200728 14:53:32.766" endtime="20200728 14:53:34.768"></status>
</kw>
<kw name="Wait Until Element Is Visible" library="Selenium2Library">
<doc>Waits until the element ``locator`` is visible.</doc>
<arguments>
<arg>id=lnbAppManagementLink</arg>
</arguments>
<status status="PASS" starttime="20200728 14:53:34.769" endtime="20200728 14:53:34.810"></status>
</kw>
<kw name="Click Element" library="Selenium2Library">
<doc>Click the element identified by ``locator``.</doc>
<arguments>
<arg>id=lnbAppManagementLink</arg>
</arguments>
<msg timestamp="20200728 14:53:34.812" level="INFO">Clicking element 'id=lnbAppManagementLink'.</msg>
<status status="PASS" starttime="20200728 14:53:34.811" endtime="20200728 14:53:34.927"></status>
</kw>
<kw name="Title Should Be" library="Selenium2Library">
<doc>Verifies that the current page title equals ``title``.</doc>
<arguments>
<arg>Samsung Pass</arg>
</arguments>
<msg timestamp="20200728 14:53:34.947" level="INFO">Page title is 'Samsung Pass'.</msg>
<status status="PASS" starttime="20200728 14:53:34.928" endtime="20200728 14:53:34.947"></status>
</kw>
<kw name="Page Should Contain" library="Selenium2Library">
<doc>Verifies that current page contains ``text``.</doc>
<arguments>
<arg>Apps</arg>
</arguments>
<msg timestamp="20200728 14:53:34.982" level="INFO">Current page contains text 'Apps'.</msg>
<status status="PASS" starttime="20200728 14:53:34.948" endtime="20200728 14:53:34.983"></status>
</kw>
<kw name="Sleep" library="BuiltIn">
<doc>Pauses the test executed for the given time.</doc>
<arguments>
<arg>3s</arg>
</arguments>
<msg timestamp="20200728 14:53:37.985" level="INFO">Slept 3 seconds</msg>
<status status="PASS" starttime="20200728 14:53:34.983" endtime="20200728 14:53:37.985"></status>
</kw>
<kw name="Page Should Contain" library="Selenium2Library">
<doc>Verifies that current page contains ``text``.</doc>
<arguments>
<arg>Version</arg>
</arguments>
<msg timestamp="20200728 14:53:38.010" level="INFO">Current page contains text 'Version'.</msg>
<status status="PASS" starttime="20200728 14:53:37.985" endtime="20200728 14:53:38.010"></status>
</kw>
<kw name="Page Should Contain" library="Selenium2Library">
<doc>Verifies that current page contains ``text``.</doc>
<arguments>
<arg>Activation</arg>
</arguments>
<msg timestamp="20200728 14:53:38.034" level="INFO">Current page contains text 'Activation'.</msg>
<status status="PASS" starttime="20200728 14:53:38.011" endtime="20200728 14:53:38.034"></status>
</kw>
<kw name="Page Should Contain" library="Selenium2Library">
<doc>Verifies that current page contains ``text``.</doc>
<arguments>
<arg>Forced Update</arg>
</arguments>
<msg timestamp="20200728 14:53:38.056" level="INFO">Current page contains text 'Forced Update'.</msg>
<status status="PASS" starttime="20200728 14:53:38.035" endtime="20200728 14:53:38.056"></status>
</kw>
<kw name="Page Should Contain" library="Selenium2Library">
<doc>Verifies that current page contains ``text``.</doc>
<arguments>
<arg>Updated Date</arg>
</arguments>
<msg timestamp="20200728 14:53:38.081" level="INFO">Current page contains text 'Updated Date'.</msg>
<status status="PASS" starttime="20200728 14:53:38.056" endtime="20200728 14:53:38.081"></status>
</kw>
<kw name="Page Should Contain" library="Selenium2Library">
<doc>Verifies that current page contains ``text``.</doc>
<arguments>
<arg>Deleted</arg>
</arguments>
<msg timestamp="20200728 14:53:38.105" level="INFO">Current page contains text 'Deleted'.</msg>
<status status="PASS" starttime="20200728 14:53:38.081" endtime="20200728 14:53:38.105"></status>
</kw>
<kw name="Page Should Contain" library="Selenium2Library">
<doc>Verifies that current page contains ``text``.</doc>
<arguments>
<arg>Status</arg>
</arguments>
<msg timestamp="20200728 14:53:38.129" level="INFO">Current page contains text 'Status'.</msg>
<status status="PASS" starttime="20200728 14:53:38.105" endtime="20200728 14:53:38.129"></status>
</kw>
<kw name="Sleep" library="BuiltIn">
<doc>Pauses the test executed for the given time.</doc>
<arguments>
<arg>3s</arg>
</arguments>
<msg timestamp="20200728 14:53:41.131" level="INFO">Slept 3 seconds</msg>
<status status="PASS" starttime="20200728 14:53:38.129" endtime="20200728 14:53:41.131"></status>
</kw>
<kw name="Page Should Contain" library="Selenium2Library">
<doc>Verifies that current page contains ``text``.</doc>
<arguments>
<arg>Activation</arg>
</arguments>
<msg timestamp="20200728 14:53:41.150" level="INFO">Current page contains text 'Activation'.</msg>
<status status="PASS" starttime="20200728 14:53:41.131" endtime="20200728 14:53:41.151"></status>
</kw>
<kw name="Page Should Contain" library="Selenium2Library">
<doc>Verifies that current page contains ``text``.</doc>
<arguments>
<arg>Forced Update</arg>
</arguments>
<msg timestamp="20200728 14:53:41.172" level="INFO">Current page contains text 'Forced Update'.</msg>
<status status="PASS" starttime="20200728 14:53:41.151" endtime="20200728 14:53:41.172"></status>
</kw>
<kw name="Page Should Contain" library="Selenium2Library">
<doc>Verifies that current page contains ``text``.</doc>
<arguments>
<arg>Status</arg>
</arguments>
<msg timestamp="20200728 14:53:41.191" level="INFO">Current page contains text 'Status'.</msg>
<status status="PASS" starttime="20200728 14:53:41.172" endtime="20200728 14:53:41.192"></status>
</kw>
<kw name="Page Should Contain" library="Selenium2Library">
<doc>Verifies that current page contains ``text``.</doc>
<arguments>
<arg>Deleted</arg>
</arguments>
<msg timestamp="20200728 14:53:41.209" level="INFO">Current page contains text 'Deleted'.</msg>
<status status="PASS" starttime="20200728 14:53:41.192" endtime="20200728 14:53:41.209"></status>
</kw>
<kw name="Page Should Contain" library="Selenium2Library">
<doc>Verifies that current page contains ``text``.</doc>
<arguments>
<arg>From</arg>
</arguments>
<msg timestamp="20200728 14:53:41.231" level="INFO">Current page contains text 'From'.</msg>
<status status="PASS" starttime="20200728 14:53:41.210" endtime="20200728 14:53:41.231"></status>
</kw>
<kw name="Page Should Contain" library="Selenium2Library">
<doc>Verifies that current page contains ``text``.</doc>
<arguments>
<arg>To</arg>
</arguments>
<msg timestamp="20200728 14:53:41.255" level="INFO">Current page contains text 'To'.</msg>
<status status="PASS" starttime="20200728 14:53:41.231" endtime="20200728 14:53:41.255"></status>
</kw>
<kw name="Sleep" library="BuiltIn">
<doc>Pauses the test executed for the given time.</doc>
<arguments>
<arg>3s</arg>
</arguments>
<msg timestamp="20200728 14:53:44.258" level="INFO">Slept 3 seconds</msg>
<status status="PASS" starttime="20200728 14:53:41.256" endtime="20200728 14:53:44.259"></status>
</kw>
<kw name="Wait Until Element Is Visible" library="Selenium2Library">
<doc>Waits until the element ``locator`` is visible.</doc>
<arguments>
<arg>//input[@placeholder='Search version']</arg>
</arguments>
<status status="PASS" starttime="20200728 14:53:44.260" endtime="20200728 14:53:44.311"></status>
</kw>
<kw name="Input Text" library="Selenium2Library">
<doc>Types the given ``text`` into the text field identified by ``locator``.</doc>
<arguments>
<arg>//input[@placeholder='Search version']</arg>
<arg>11.11.11.11</arg>
</arguments>
<msg timestamp="20200728 14:53:44.311" level="INFO">Typing text '11.11.11.11' into text field '//input[@placeholder='Search version']'.</msg>
<status status="PASS" starttime="20200728 14:53:44.311" endtime="20200728 14:53:44.691"></status>
</kw>
<kw name="Click Element" library="Selenium2Library">
<doc>Click the element identified by ``locator``.</doc>
<arguments>
<arg>//button[@class='css-doaywb']</arg>
</arguments>
<msg timestamp="20200728 14:53:44.692" level="INFO">Clicking element '//button[@class='css-doaywb']'.</msg>
<status status="PASS" starttime="20200728 14:53:44.691" endtime="20200728 14:53:44.779"></status>
</kw>
<kw name="Sleep" library="BuiltIn">
<doc>Pauses the test executed for the given time.</doc>
<arguments>
<arg>2s</arg>
</arguments>
<msg timestamp="20200728 14:53:46.781" level="INFO">Slept 2 seconds</msg>
<status status="PASS" starttime="20200728 14:53:44.780" endtime="20200728 14:53:46.781"></status>
</kw>
<kw name="Capture Page Screenshot" library="Selenium2Library">
<doc>Takes a screenshot of the current page and embeds it into a log file.</doc>
<msg timestamp="20200728 14:53:47.206" level="INFO" html="yes">&lt;/td&gt;&lt;/tr&gt;&lt;tr&gt;&lt;td colspan="3"&gt;&lt;a href="selenium-screenshot-57.png"&gt;&lt;img src="selenium-screenshot-57.png" width="800px"&gt;&lt;/a&gt;</msg>
<status status="PASS" starttime="20200728 14:53:46.781" endtime="20200728 14:53:47.207"></status>
</kw>
<kw name="Click Element" library="Selenium2Library">
<doc>Click the element identified by ``locator``.</doc>
<arguments>
<arg>//button[@id='spassAppsFilterClearBtn']</arg>
</arguments>
<msg timestamp="20200728 14:53:47.208" level="INFO">Clicking element '//button[@id='spassAppsFilterClearBtn']'.</msg>
<status status="PASS" starttime="20200728 14:53:47.208" endtime="20200728 14:53:47.292"></status>
</kw>
<kw name="Sleep" library="BuiltIn">
<doc>Pauses the test executed for the given time.</doc>
<arguments>
<arg>5s</arg>
</arguments>
<msg timestamp="20200728 14:53:52.295" level="INFO">Slept 5 seconds</msg>
<status status="PASS" starttime="20200728 14:53:47.293" endtime="20200728 14:53:52.295"></status>
</kw>
<kw name="Wait Until Element Is Visible" library="Selenium2Library">
<doc>Waits until the element ``locator`` is visible.</doc>
<arguments>
<arg>//input[@placeholder='Search version']</arg>
</arguments>
<status status="PASS" starttime="20200728 14:53:52.295" endtime="20200728 14:53:52.323"></status>
</kw>
<kw name="Input Text" library="Selenium2Library">
<doc>Types the given ``text`` into the text field identified by ``locator``.</doc>
<arguments>
<arg>//input[@placeholder='Search version']</arg>
<arg>123456789</arg>
</arguments>
<msg timestamp="20200728 14:53:52.324" level="INFO">Typing text '123456789' into text field '//input[@placeholder='Search version']'.</msg>
<status status="PASS" starttime="20200728 14:53:52.324" endtime="20200728 14:53:52.568"></status>
</kw>
<kw name="Click Element" library="Selenium2Library">
<doc>Click the element identified by ``locator``.</doc>
<arguments>
<arg>//button[@class='css-doaywb']</arg>
</arguments>
<msg timestamp="20200728 14:53:52.569" level="INFO">Clicking element '//button[@class='css-doaywb']'.</msg>
<status status="PASS" starttime="20200728 14:53:52.569" endtime="20200728 14:53:52.633"></status>
</kw>
<kw name="Page Should Contain" library="Selenium2Library">
<doc>Verifies that current page contains ``text``.</doc>
<arguments>
<arg>No Results Found</arg>
</arguments>
<msg timestamp="20200728 14:53:52.891" level="INFO">Current page contains text 'No Results Found'.</msg>
<status status="PASS" starttime="20200728 14:53:52.633" endtime="20200728 14:53:52.892"></status>
</kw>
<kw name="Sleep" library="BuiltIn">
<doc>Pauses the test executed for the given time.</doc>
<arguments>
<arg>2s</arg>
</arguments>
<msg timestamp="20200728 14:53:54.894" level="INFO">Slept 2 seconds</msg>
<status status="PASS" starttime="20200728 14:53:52.892" endtime="20200728 14:53:54.894"></status>
</kw>
<kw name="Capture Page Screenshot" library="Selenium2Library">
<doc>Takes a screenshot of the current page and embeds it into a log file.</doc>
<msg timestamp="20200728 14:53:55.253" level="INFO" html="yes">&lt;/td&gt;&lt;/tr&gt;&lt;tr&gt;&lt;td colspan="3"&gt;&lt;a href="selenium-screenshot-58.png"&gt;&lt;img src="selenium-screenshot-58.png" width="800px"&gt;&lt;/a&gt;</msg>
<status status="PASS" starttime="20200728 14:53:54.895" endtime="20200728 14:53:55.254"></status>
</kw>
<kw name="Click Element" library="Selenium2Library">
<doc>Click the element identified by ``locator``.</doc>
<arguments>
<arg>//button[@id='spassAppsFilterClearBtn']</arg>
</arguments>
<msg timestamp="20200728 14:53:55.254" level="INFO">Clicking element '//button[@id='spassAppsFilterClearBtn']'.</msg>
<status status="PASS" starttime="20200728 14:53:55.254" endtime="20200728 14:53:55.318"></status>
</kw>
<kw name="Sleep" library="BuiltIn">
<doc>Pauses the test executed for the given time.</doc>
<arguments>
<arg>5s</arg>
</arguments>
<msg timestamp="20200728 14:54:00.321" level="INFO">Slept 5 seconds</msg>
<status status="PASS" starttime="20200728 14:53:55.319" endtime="20200728 14:54:00.321"></status>
</kw>
<kw name="Click Element" library="Selenium2Library">
<doc>Click the element identified by ``locator``.</doc>
<arguments>
<arg>//span[contains(text(),'Activation')]</arg>
</arguments>
<msg timestamp="20200728 14:54:00.323" level="INFO">Clicking element '//span[contains(text(),'Activation')]'.</msg>
<status status="PASS" starttime="20200728 14:54:00.322" endtime="20200728 14:54:00.417"></status>
</kw>
<kw name="Sleep" library="BuiltIn">
<doc>Pauses the test executed for the given time.</doc>
<arguments>
<arg>2s</arg>
</arguments>
<msg timestamp="20200728 14:54:02.419" level="INFO">Slept 2 seconds</msg>
<status status="PASS" starttime="20200728 14:54:00.418" endtime="20200728 14:54:02.419"></status>
</kw>
<kw name="Click Element" library="Selenium2Library">
<doc>Click the element identified by ``locator``.</doc>
<arguments>
<arg>//div[@class='css-1j14ri1']//div//button[contains(text(),'All')]</arg>
</arguments>
<msg timestamp="20200728 14:54:02.420" level="INFO">Clicking element '//div[@class='css-1j14ri1']//div//button[contains(text(),'All')]'.</msg>
<status status="PASS" starttime="20200728 14:54:02.420" endtime="20200728 14:54:02.512"></status>
</kw>
<kw name="Sleep" library="BuiltIn">
<doc>Pauses the test executed for the given time.</doc>
<arguments>
<arg>2s</arg>
</arguments>
<msg timestamp="20200728 14:54:04.515" level="INFO">Slept 2 seconds</msg>
<status status="PASS" starttime="20200728 14:54:02.513" endtime="20200728 14:54:04.515"></status>
</kw>
<kw name="Click Element" library="Selenium2Library">
<doc>Click the element identified by ``locator``.</doc>
<arguments>
<arg>//button[@class='css-doaywb']</arg>
</arguments>
<msg timestamp="20200728 14:54:04.517" level="INFO">Clicking element '//button[@class='css-doaywb']'.</msg>
<status status="PASS" starttime="20200728 14:54:04.516" endtime="20200728 14:54:04.580"></status>
</kw>
<kw name="Page Should Contain" library="Selenium2Library">
<doc>Verifies that current page contains ``text``.</doc>
<arguments>
<arg>Active</arg>
</arguments>
<msg timestamp="20200728 14:54:04.604" level="INFO">Current page contains text 'Active'.</msg>
<status status="PASS" starttime="20200728 14:54:04.580" endtime="20200728 14:54:04.604"></status>
</kw>
<kw name="Page Should Contain" library="Selenium2Library">
<doc>Verifies that current page contains ``text``.</doc>
<arguments>
<arg>Inactive</arg>
</arguments>
<msg timestamp="20200728 14:54:04.630" level="INFO">Current page contains text 'Inactive'.</msg>
<status status="PASS" starttime="20200728 14:54:04.604" endtime="20200728 14:54:04.630"></status>
</kw>
<kw name="Capture Page Screenshot" library="Selenium2Library">
<doc>Takes a screenshot of the current page and embeds it into a log file.</doc>
<msg timestamp="20200728 14:54:05.006" level="INFO" html="yes">&lt;/td&gt;&lt;/tr&gt;&lt;tr&gt;&lt;td colspan="3"&gt;&lt;a href="selenium-screenshot-59.png"&gt;&lt;img src="selenium-screenshot-59.png" width="800px"&gt;&lt;/a&gt;</msg>
<status status="PASS" starttime="20200728 14:54:04.630" endtime="20200728 14:54:05.006"></status>
</kw>
<kw name="Sleep" library="BuiltIn">
<doc>Pauses the test executed for the given time.</doc>
<arguments>
<arg>2s</arg>
</arguments>
<msg timestamp="20200728 14:54:07.009" level="INFO">Slept 2 seconds</msg>
<status status="PASS" starttime="20200728 14:54:05.007" endtime="20200728 14:54:07.009"></status>
</kw>
<kw name="Click Element" library="Selenium2Library">
<doc>Click the element identified by ``locator``.</doc>
<arguments>
<arg>//li[@class='rc-pagination-next']//div[@id='iconButtonComponent']//*[local-name()='svg']</arg>
</arguments>
<msg timestamp="20200728 14:54:07.010" level="INFO">Clicking element '//li[@class='rc-pagination-next']//div[@id='iconButtonComponent']//*[local-name()='svg']'.</msg>
<status status="PASS" starttime="20200728 14:54:07.010" endtime="20200728 14:54:07.146"></status>
</kw>
<kw name="Sleep" library="BuiltIn">
<doc>Pauses the test executed for the given time.</doc>
<arguments>
<arg>2s</arg>
</arguments>
<msg timestamp="20200728 14:54:09.148" level="INFO">Slept 2 seconds</msg>
<status status="PASS" starttime="20200728 14:54:07.146" endtime="20200728 14:54:09.148"></status>
</kw>
<kw name="Click Element" library="Selenium2Library">
<doc>Click the element identified by ``locator``.</doc>
<arguments>
<arg>//li[@class='rc-pagination-next']//div[@id='iconButtonComponent']//*[local-name()='svg']</arg>
</arguments>
<msg timestamp="20200728 14:54:09.150" level="INFO">Clicking element '//li[@class='rc-pagination-next']//div[@id='iconButtonComponent']//*[local-name()='svg']'.</msg>
<status status="PASS" starttime="20200728 14:54:09.149" endtime="20200728 14:54:09.250"></status>
</kw>
<kw name="Sleep" library="BuiltIn">
<doc>Pauses the test executed for the given time.</doc>
<arguments>
<arg>2s</arg>
</arguments>
<msg timestamp="20200728 14:54:11.252" level="INFO">Slept 2 seconds</msg>
<status status="PASS" starttime="20200728 14:54:09.250" endtime="20200728 14:54:11.252"></status>
</kw>
<kw name="Click Element" library="Selenium2Library">
<doc>Click the element identified by ``locator``.</doc>
<arguments>
<arg>//li[@class='rc-pagination-next']//div[@id='iconButtonComponent']//*[local-name()='svg']</arg>
</arguments>
<msg timestamp="20200728 14:54:11.253" level="INFO">Clicking element '//li[@class='rc-pagination-next']//div[@id='iconButtonComponent']//*[local-name()='svg']'.</msg>
<status status="PASS" starttime="20200728 14:54:11.253" endtime="20200728 14:54:11.341"></status>
</kw>
<kw name="Sleep" library="BuiltIn">
<doc>Pauses the test executed for the given time.</doc>
<arguments>
<arg>2s</arg>
</arguments>
<msg timestamp="20200728 14:54:13.343" level="INFO">Slept 2 seconds</msg>
<status status="PASS" starttime="20200728 14:54:11.341" endtime="20200728 14:54:13.343"></status>
</kw>
<kw name="Click Element" library="Selenium2Library">
<doc>Click the element identified by ``locator``.</doc>
<arguments>
<arg>//li[@class='rc-pagination-next']//div[@id='iconButtonComponent']//*[local-name()='svg']</arg>
</arguments>
<msg timestamp="20200728 14:54:13.344" level="INFO">Clicking element '//li[@class='rc-pagination-next']//div[@id='iconButtonComponent']//*[local-name()='svg']'.</msg>
<status status="PASS" starttime="20200728 14:54:13.344" endtime="20200728 14:54:13.445"></status>
</kw>
<kw name="Sleep" library="BuiltIn">
<doc>Pauses the test executed for the given time.</doc>
<arguments>
<arg>2s</arg>
</arguments>
<msg timestamp="20200728 14:54:15.447" level="INFO">Slept 2 seconds</msg>
<status status="PASS" starttime="20200728 14:54:13.445" endtime="20200728 14:54:15.447"></status>
</kw>
<kw name="Click Element" library="Selenium2Library">
<doc>Click the element identified by ``locator``.</doc>
<arguments>
<arg>//li[@class='rc-pagination-next']//div[@id='iconButtonComponent']//*[local-name()='svg']</arg>
</arguments>
<msg timestamp="20200728 14:54:15.447" level="INFO">Clicking element '//li[@class='rc-pagination-next']//div[@id='iconButtonComponent']//*[local-name()='svg']'.</msg>
<status status="PASS" starttime="20200728 14:54:15.447" endtime="20200728 14:54:15.540"></status>
</kw>
<kw name="Sleep" library="BuiltIn">
<doc>Pauses the test executed for the given time.</doc>
<arguments>
<arg>2s</arg>
</arguments>
<msg timestamp="20200728 14:54:17.542" level="INFO">Slept 2 seconds</msg>
<status status="PASS" starttime="20200728 14:54:15.540" endtime="20200728 14:54:17.542"></status>
</kw>
<kw name="Click Element" library="Selenium2Library">
<doc>Click the element identified by ``locator``.</doc>
<arguments>
<arg>//li[@class='rc-pagination-next']//div[@id='iconButtonComponent']//*[local-name()='svg']</arg>
</arguments>
<msg timestamp="20200728 14:54:17.543" level="INFO">Clicking element '//li[@class='rc-pagination-next']//div[@id='iconButtonComponent']//*[local-name()='svg']'.</msg>
<status status="PASS" starttime="20200728 14:54:17.543" endtime="20200728 14:54:17.638"></status>
</kw>
<kw name="Sleep" library="BuiltIn">
<doc>Pauses the test executed for the given time.</doc>
<arguments>
<arg>2s</arg>
</arguments>
<msg timestamp="20200728 14:54:19.640" level="INFO">Slept 2 seconds</msg>
<status status="PASS" starttime="20200728 14:54:17.638" endtime="20200728 14:54:19.640"></status>
</kw>
<kw name="Click Element" library="Selenium2Library">
<doc>Click the element identified by ``locator``.</doc>
<arguments>
<arg>//button[@class='css-1hyd4x5']</arg>
</arguments>
<msg timestamp="20200728 14:54:19.641" level="INFO">Clicking element '//button[@class='css-1hyd4x5']'.</msg>
<status status="PASS" starttime="20200728 14:54:19.641" endtime="20200728 14:54:19.738"></status>
</kw>
<kw name="Sleep" library="BuiltIn">
<doc>Pauses the test executed for the given time.</doc>
<arguments>
<arg>2s</arg>
</arguments>
<msg timestamp="20200728 14:54:21.738" level="INFO">Slept 2 seconds</msg>
<status status="PASS" starttime="20200728 14:54:19.738" endtime="20200728 14:54:21.738"></status>
</kw>
<kw name="Click Element" library="Selenium2Library">
<doc>Click the element identified by ``locator``.</doc>
<arguments>
<arg>//button[@class='css-ab32j2'][contains(text(),'20')]</arg>
</arguments>
<msg timestamp="20200728 14:54:21.739" level="INFO">Clicking element '//button[@class='css-ab32j2'][contains(text(),'20')]'.</msg>
<status status="PASS" starttime="20200728 14:54:21.739" endtime="20200728 14:54:21.856"></status>
</kw>
<kw name="Sleep" library="BuiltIn">
<doc>Pauses the test executed for the given time.</doc>
<arguments>
<arg>2s</arg>
</arguments>
<msg timestamp="20200728 14:54:23.858" level="INFO">Slept 2 seconds</msg>
<status status="PASS" starttime="20200728 14:54:21.857" endtime="20200728 14:54:23.858"></status>
</kw>
<kw name="Wait Until Element Is Visible" library="Selenium2Library">
<doc>Waits until the element ``locator`` is visible.</doc>
<arguments>
<arg>//*[@class='css-1vwly8k']</arg>
</arguments>
<status status="PASS" starttime="20200728 14:54:23.858" endtime="20200728 14:54:23.890"></status>
</kw>
<kw name="Sleep" library="BuiltIn">
<doc>Pauses the test executed for the given time.</doc>
<arguments>
<arg>2s</arg>
</arguments>
<msg timestamp="20200728 14:54:25.890" level="INFO">Slept 2 seconds</msg>
<status status="PASS" starttime="20200728 14:54:23.890" endtime="20200728 14:54:25.890"></status>
</kw>
<kw name="Click Element" library="Selenium2Library">
<doc>Click the element identified by ``locator``.</doc>
<arguments>
<arg>//button[@class='css-1hyd4x5']</arg>
</arguments>
<msg timestamp="20200728 14:54:25.891" level="INFO">Clicking element '//button[@class='css-1hyd4x5']'.</msg>
<status status="PASS" starttime="20200728 14:54:25.891" endtime="20200728 14:54:25.956"></status>
</kw>
<kw name="Sleep" library="BuiltIn">
<doc>Pauses the test executed for the given time.</doc>
<arguments>
<arg>2s</arg>
</arguments>
<msg timestamp="20200728 14:54:27.958" level="INFO">Slept 2 seconds</msg>
<status status="PASS" starttime="20200728 14:54:25.957" endtime="20200728 14:54:27.958"></status>
</kw>
<kw name="Click Element" library="Selenium2Library">
<doc>Click the element identified by ``locator``.</doc>
<arguments>
<arg>//button[@class='css-ab32j2'][contains(text(),'30')]</arg>
</arguments>
<msg timestamp="20200728 14:54:27.960" level="INFO">Clicking element '//button[@class='css-ab32j2'][contains(text(),'30')]'.</msg>
<status status="PASS" starttime="20200728 14:54:27.959" endtime="20200728 14:54:28.090"></status>
</kw>
<kw name="Sleep" library="BuiltIn">
<doc>Pauses the test executed for the given time.</doc>
<arguments>
<arg>2s</arg>
</arguments>
<msg timestamp="20200728 14:54:30.094" level="INFO">Slept 2 seconds</msg>
<status status="PASS" starttime="20200728 14:54:28.091" endtime="20200728 14:54:30.094"></status>
</kw>
<kw name="Wait Until Element Is Visible" library="Selenium2Library">
<doc>Waits until the element ``locator`` is visible.</doc>
<arguments>
<arg>//*[@class='css-1vwly8k']</arg>
</arguments>
<status status="PASS" starttime="20200728 14:54:30.094" endtime="20200728 14:54:30.119"></status>
</kw>
<kw name="Sleep" library="BuiltIn">
<doc>Pauses the test executed for the given time.</doc>
<arguments>
<arg>2s</arg>
</arguments>
<msg timestamp="20200728 14:54:32.121" level="INFO">Slept 2 seconds</msg>
<status status="PASS" starttime="20200728 14:54:30.120" endtime="20200728 14:54:32.121"></status>
</kw>
<kw name="Click Element" library="Selenium2Library">
<doc>Click the element identified by ``locator``.</doc>
<arguments>
<arg>//button[@id='spassAppsFilterClearBtn']</arg>
</arguments>
<msg timestamp="20200728 14:54:32.122" level="INFO">Clicking element '//button[@id='spassAppsFilterClearBtn']'.</msg>
<status status="PASS" starttime="20200728 14:54:32.121" endtime="20200728 14:54:32.195"></status>
</kw>
<kw name="Reload Page" library="Selenium2Library">
<doc>Simulates user reloading page.</doc>
<status status="PASS" starttime="20200728 14:54:32.196" endtime="20200728 14:54:32.632"></status>
</kw>
<kw name="Sleep" library="BuiltIn">
<doc>Pauses the test executed for the given time.</doc>
<arguments>
<arg>5s</arg>
</arguments>
<msg timestamp="20200728 14:54:37.635" level="INFO">Slept 5 seconds</msg>
<status status="PASS" starttime="20200728 14:54:32.633" endtime="20200728 14:54:37.635"></status>
</kw>
<kw name="Click Element" library="Selenium2Library">
<doc>Click the element identified by ``locator``.</doc>
<arguments>
<arg>//span[contains(text(),'Activation')]</arg>
</arguments>
<msg timestamp="20200728 14:54:37.636" level="INFO">Clicking element '//span[contains(text(),'Activation')]'.</msg>
<status status="PASS" starttime="20200728 14:54:37.635" endtime="20200728 14:54:37.708"></status>
</kw>
<kw name="Sleep" library="BuiltIn">
<doc>Pauses the test executed for the given time.</doc>
<arguments>
<arg>2s</arg>
</arguments>
<msg timestamp="20200728 14:54:39.712" level="INFO">Slept 2 seconds</msg>
<status status="PASS" starttime="20200728 14:54:37.709" endtime="20200728 14:54:39.712"></status>
</kw>
<kw name="Click Element" library="Selenium2Library">
<doc>Click the element identified by ``locator``.</doc>
<arguments>
<arg>//button[contains(text(),'Active')]</arg>
</arguments>
<msg timestamp="20200728 14:54:39.712" level="INFO">Clicking element '//button[contains(text(),'Active')]'.</msg>
<status status="PASS" starttime="20200728 14:54:39.712" endtime="20200728 14:54:39.821"></status>
</kw>
<kw name="Sleep" library="BuiltIn">
<doc>Pauses the test executed for the given time.</doc>
<arguments>
<arg>2s</arg>
</arguments>
<msg timestamp="20200728 14:54:41.823" level="INFO">Slept 2 seconds</msg>
<status status="PASS" starttime="20200728 14:54:39.821" endtime="20200728 14:54:41.823"></status>
</kw>
<kw name="Click Element" library="Selenium2Library">
<doc>Click the element identified by ``locator``.</doc>
<arguments>
<arg>//button[@class='css-doaywb']</arg>
</arguments>
<msg timestamp="20200728 14:54:41.823" level="INFO">Clicking element '//button[@class='css-doaywb']'.</msg>
<status status="PASS" starttime="20200728 14:54:41.823" endtime="20200728 14:54:41.916"></status>
</kw>
<kw name="Page Should Contain" library="Selenium2Library">
<doc>Verifies that current page contains ``text``.</doc>
<arguments>
<arg>Active</arg>
</arguments>
<msg timestamp="20200728 14:54:41.940" level="INFO">Current page contains text 'Active'.</msg>
<status status="PASS" starttime="20200728 14:54:41.916" endtime="20200728 14:54:41.940"></status>
</kw>
<kw name="Capture Page Screenshot" library="Selenium2Library">
<doc>Takes a screenshot of the current page and embeds it into a log file.</doc>
<msg timestamp="20200728 14:54:42.327" level="INFO" html="yes">&lt;/td&gt;&lt;/tr&gt;&lt;tr&gt;&lt;td colspan="3"&gt;&lt;a href="selenium-screenshot-60.png"&gt;&lt;img src="selenium-screenshot-60.png" width="800px"&gt;&lt;/a&gt;</msg>
<status status="PASS" starttime="20200728 14:54:41.940" endtime="20200728 14:54:42.327"></status>
</kw>
<kw name="Sleep" library="BuiltIn">
<doc>Pauses the test executed for the given time.</doc>
<arguments>
<arg>2s</arg>
</arguments>
<msg timestamp="20200728 14:54:44.329" level="INFO">Slept 2 seconds</msg>
<status status="PASS" starttime="20200728 14:54:42.327" endtime="20200728 14:54:44.329"></status>
</kw>
<kw name="Click Element" library="Selenium2Library">
<doc>Click the element identified by ``locator``.</doc>
<arguments>
<arg>//li[@class='rc-pagination-next']//div[@id='iconButtonComponent']//*[local-name()='svg']</arg>
</arguments>
<msg timestamp="20200728 14:54:44.330" level="INFO">Clicking element '//li[@class='rc-pagination-next']//div[@id='iconButtonComponent']//*[local-name()='svg']'.</msg>
<status status="PASS" starttime="20200728 14:54:44.330" endtime="20200728 14:54:44.467"></status>
</kw>
<kw name="Sleep" library="BuiltIn">
<doc>Pauses the test executed for the given time.</doc>
<arguments>
<arg>2s</arg>
</arguments>
<msg timestamp="20200728 14:54:46.470" level="INFO">Slept 2 seconds</msg>
<status status="PASS" starttime="20200728 14:54:44.468" endtime="20200728 14:54:46.470"></status>
</kw>
<kw name="Click Element" library="Selenium2Library">
<doc>Click the element identified by ``locator``.</doc>
<arguments>
<arg>//li[@class='rc-pagination-next']//div[@id='iconButtonComponent']//*[local-name()='svg']</arg>
</arguments>
<msg timestamp="20200728 14:54:46.471" level="INFO">Clicking element '//li[@class='rc-pagination-next']//div[@id='iconButtonComponent']//*[local-name()='svg']'.</msg>
<status status="PASS" starttime="20200728 14:54:46.470" endtime="20200728 14:54:46.565"></status>
</kw>
<kw name="Sleep" library="BuiltIn">
<doc>Pauses the test executed for the given time.</doc>
<arguments>
<arg>2s</arg>
</arguments>
<msg timestamp="20200728 14:54:48.567" level="INFO">Slept 2 seconds</msg>
<status status="PASS" starttime="20200728 14:54:46.566" endtime="20200728 14:54:48.567"></status>
</kw>
<kw name="Click Element" library="Selenium2Library">
<doc>Click the element identified by ``locator``.</doc>
<arguments>
<arg>//li[@class='rc-pagination-next']//div[@id='iconButtonComponent']//*[local-name()='svg']</arg>
</arguments>
<msg timestamp="20200728 14:54:48.569" level="INFO">Clicking element '//li[@class='rc-pagination-next']//div[@id='iconButtonComponent']//*[local-name()='svg']'.</msg>
<status status="PASS" starttime="20200728 14:54:48.568" endtime="20200728 14:54:48.679"></status>
</kw>
<kw name="Sleep" library="BuiltIn">
<doc>Pauses the test executed for the given time.</doc>
<arguments>
<arg>2s</arg>
</arguments>
<msg timestamp="20200728 14:54:50.681" level="INFO">Slept 2 seconds</msg>
<status status="PASS" starttime="20200728 14:54:48.679" endtime="20200728 14:54:50.681"></status>
</kw>
<kw name="Click Element" library="Selenium2Library">
<doc>Click the element identified by ``locator``.</doc>
<arguments>
<arg>//li[@class='rc-pagination-next']//div[@id='iconButtonComponent']//*[local-name()='svg']</arg>
</arguments>
<msg timestamp="20200728 14:54:50.682" level="INFO">Clicking element '//li[@class='rc-pagination-next']//div[@id='iconButtonComponent']//*[local-name()='svg']'.</msg>
<status status="PASS" starttime="20200728 14:54:50.682" endtime="20200728 14:54:50.771"></status>
</kw>
<kw name="Sleep" library="BuiltIn">
<doc>Pauses the test executed for the given time.</doc>
<arguments>
<arg>2s</arg>
</arguments>
<msg timestamp="20200728 14:54:52.773" level="INFO">Slept 2 seconds</msg>
<status status="PASS" starttime="20200728 14:54:50.771" endtime="20200728 14:54:52.773"></status>
</kw>
<kw name="Click Element" library="Selenium2Library">
<doc>Click the element identified by ``locator``.</doc>
<arguments>
<arg>//li[@class='rc-pagination-next']//div[@id='iconButtonComponent']//*[local-name()='svg']</arg>
</arguments>
<msg timestamp="20200728 14:54:52.774" level="INFO">Clicking element '//li[@class='rc-pagination-next']//div[@id='iconButtonComponent']//*[local-name()='svg']'.</msg>
<status status="PASS" starttime="20200728 14:54:52.774" endtime="20200728 14:54:52.853"></status>
</kw>
<kw name="Sleep" library="BuiltIn">
<doc>Pauses the test executed for the given time.</doc>
<arguments>
<arg>2s</arg>
</arguments>
<msg timestamp="20200728 14:54:54.855" level="INFO">Slept 2 seconds</msg>
<status status="PASS" starttime="20200728 14:54:52.854" endtime="20200728 14:54:54.855"></status>
</kw>
<kw name="Click Element" library="Selenium2Library">
<doc>Click the element identified by ``locator``.</doc>
<arguments>
<arg>//button[@class='css-1hyd4x5']</arg>
</arguments>
<msg timestamp="20200728 14:54:54.856" level="INFO">Clicking element '//button[@class='css-1hyd4x5']'.</msg>
<status status="PASS" starttime="20200728 14:54:54.855" endtime="20200728 14:54:54.938"></status>
</kw>
<kw name="Sleep" library="BuiltIn">
<doc>Pauses the test executed for the given time.</doc>
<arguments>
<arg>2s</arg>
</arguments>
<msg timestamp="20200728 14:54:56.941" level="INFO">Slept 2 seconds</msg>
<status status="PASS" starttime="20200728 14:54:54.939" endtime="20200728 14:54:56.941"></status>
</kw>
<kw name="Click Element" library="Selenium2Library">
<doc>Click the element identified by ``locator``.</doc>
<arguments>
<arg>//button[@class='css-ab32j2'][contains(text(),'20')]</arg>
</arguments>
<msg timestamp="20200728 14:54:56.942" level="INFO">Clicking element '//button[@class='css-ab32j2'][contains(text(),'20')]'.</msg>
<status status="PASS" starttime="20200728 14:54:56.941" endtime="20200728 14:54:57.079"></status>
</kw>
<kw name="Sleep" library="BuiltIn">
<doc>Pauses the test executed for the given time.</doc>
<arguments>
<arg>2s</arg>
</arguments>
<msg timestamp="20200728 14:54:59.082" level="INFO">Slept 2 seconds</msg>
<status status="PASS" starttime="20200728 14:54:57.079" endtime="20200728 14:54:59.082"></status>
</kw>
<kw name="Wait Until Element Is Visible" library="Selenium2Library">
<doc>Waits until the element ``locator`` is visible.</doc>
<arguments>
<arg>//*[@class='css-1vwly8k']</arg>
</arguments>
<status status="PASS" starttime="20200728 14:54:59.083" endtime="20200728 14:54:59.116"></status>
</kw>
<kw name="Sleep" library="BuiltIn">
<doc>Pauses the test executed for the given time.</doc>
<arguments>
<arg>2s</arg>
</arguments>
<msg timestamp="20200728 14:55:01.119" level="INFO">Slept 2 seconds</msg>
<status status="PASS" starttime="20200728 14:54:59.117" endtime="20200728 14:55:01.119"></status>
</kw>
<kw name="Click Element" library="Selenium2Library">
<doc>Click the element identified by ``locator``.</doc>
<arguments>
<arg>//button[@class='css-1hyd4x5']</arg>
</arguments>
<msg timestamp="20200728 14:55:01.120" level="INFO">Clicking element '//button[@class='css-1hyd4x5']'.</msg>
<status status="PASS" starttime="20200728 14:55:01.119" endtime="20200728 14:55:01.193"></status>
</kw>
<kw name="Sleep" library="BuiltIn">
<doc>Pauses the test executed for the given time.</doc>
<arguments>
<arg>2s</arg>
</arguments>
<msg timestamp="20200728 14:55:03.196" level="INFO">Slept 2 seconds</msg>
<status status="PASS" starttime="20200728 14:55:01.193" endtime="20200728 14:55:03.196"></status>
</kw>
<kw name="Click Element" library="Selenium2Library">
<doc>Click the element identified by ``locator``.</doc>
<arguments>
<arg>//button[@class='css-ab32j2'][contains(text(),'30')]</arg>
</arguments>
<msg timestamp="20200728 14:55:03.197" level="INFO">Clicking element '//button[@class='css-ab32j2'][contains(text(),'30')]'.</msg>
<status status="PASS" starttime="20200728 14:55:03.197" endtime="20200728 14:55:03.312"></status>
</kw>
<kw name="Sleep" library="BuiltIn">
<doc>Pauses the test executed for the given time.</doc>
<arguments>
<arg>2s</arg>
</arguments>
<msg timestamp="20200728 14:55:05.313" level="INFO">Slept 2 seconds</msg>
<status status="PASS" starttime="20200728 14:55:03.313" endtime="20200728 14:55:05.313"></status>
</kw>
<kw name="Wait Until Element Is Visible" library="Selenium2Library">
<doc>Waits until the element ``locator`` is visible.</doc>
<arguments>
<arg>//*[@class='css-1vwly8k']</arg>
</arguments>
<status status="PASS" starttime="20200728 14:55:05.313" endtime="20200728 14:55:05.345"></status>
</kw>
<kw name="Sleep" library="BuiltIn">
<doc>Pauses the test executed for the given time.</doc>
<arguments>
<arg>2s</arg>
</arguments>
<msg timestamp="20200728 14:55:07.349" level="INFO">Slept 2 seconds</msg>
<status status="PASS" starttime="20200728 14:55:05.346" endtime="20200728 14:55:07.349"></status>
</kw>
<kw name="Click Element" library="Selenium2Library">
<doc>Click the element identified by ``locator``.</doc>
<arguments>
<arg>//button[@id='spassAppsFilterClearBtn']</arg>
</arguments>
<msg timestamp="20200728 14:55:07.350" level="INFO">Clicking element '//button[@id='spassAppsFilterClearBtn']'.</msg>
<status status="PASS" starttime="20200728 14:55:07.350" endtime="20200728 14:55:07.452"></status>
</kw>
<kw name="Reload Page" library="Selenium2Library">
<doc>Simulates user reloading page.</doc>
<status status="PASS" starttime="20200728 14:55:07.452" endtime="20200728 14:55:07.822"></status>
</kw>
<kw name="Sleep" library="BuiltIn">
<doc>Pauses the test executed for the given time.</doc>
<arguments>
<arg>5s</arg>
</arguments>
<msg timestamp="20200728 14:55:12.824" level="INFO">Slept 5 seconds</msg>
<status status="PASS" starttime="20200728 14:55:07.823" endtime="20200728 14:55:12.824"></status>
</kw>
<kw name="Click Element" library="Selenium2Library">
<doc>Click the element identified by ``locator``.</doc>
<arguments>
<arg>//span[contains(text(),'Activation')]</arg>
</arguments>
<msg timestamp="20200728 14:55:12.824" level="INFO">Clicking element '//span[contains(text(),'Activation')]'.</msg>
<status status="PASS" starttime="20200728 14:55:12.824" endtime="20200728 14:55:12.900"></status>
</kw>
<kw name="Sleep" library="BuiltIn">
<doc>Pauses the test executed for the given time.</doc>
<arguments>
<arg>2s</arg>
</arguments>
<msg timestamp="20200728 14:55:14.902" level="INFO">Slept 2 seconds</msg>
<status status="PASS" starttime="20200728 14:55:12.901" endtime="20200728 14:55:14.902"></status>
</kw>
<kw name="Click Element" library="Selenium2Library">
<doc>Click the element identified by ``locator``.</doc>
<arguments>
<arg>//button[contains(text(),'Inactive')]</arg>
</arguments>
<msg timestamp="20200728 14:55:14.903" level="INFO">Clicking element '//button[contains(text(),'Inactive')]'.</msg>
<status status="PASS" starttime="20200728 14:55:14.903" endtime="20200728 14:55:15.006"></status>
</kw>
<kw name="Sleep" library="BuiltIn">
<doc>Pauses the test executed for the given time.</doc>
<arguments>
<arg>2s</arg>
</arguments>
<msg timestamp="20200728 14:55:17.007" level="INFO">Slept 2 seconds</msg>
<status status="PASS" starttime="20200728 14:55:15.006" endtime="20200728 14:55:17.007"></status>
</kw>
<kw name="Click Element" library="Selenium2Library">
<doc>Click the element identified by ``locator``.</doc>
<arguments>
<arg>//button[@class='css-doaywb']</arg>
</arguments>
<msg timestamp="20200728 14:55:17.007" level="INFO">Clicking element '//button[@class='css-doaywb']'.</msg>
<status status="PASS" starttime="20200728 14:55:17.007" endtime="20200728 14:55:17.104"></status>
</kw>
<kw name="Page Should Contain" library="Selenium2Library">
<doc>Verifies that current page contains ``text``.</doc>
<arguments>
<arg>Inactive</arg>
</arguments>
<msg timestamp="20200728 14:55:17.132" level="INFO">Current page contains text 'Inactive'.</msg>
<status status="PASS" starttime="20200728 14:55:17.104" endtime="20200728 14:55:17.132"></status>
</kw>
<kw name="Capture Page Screenshot" library="Selenium2Library">
<doc>Takes a screenshot of the current page and embeds it into a log file.</doc>
<msg timestamp="20200728 14:55:17.536" level="INFO" html="yes">&lt;/td&gt;&lt;/tr&gt;&lt;tr&gt;&lt;td colspan="3"&gt;&lt;a href="selenium-screenshot-61.png"&gt;&lt;img src="selenium-screenshot-61.png" width="800px"&gt;&lt;/a&gt;</msg>
<status status="PASS" starttime="20200728 14:55:17.133" endtime="20200728 14:55:17.537"></status>
</kw>
<kw name="Sleep" library="BuiltIn">
<doc>Pauses the test executed for the given time.</doc>
<arguments>
<arg>2s</arg>
</arguments>
<msg timestamp="20200728 14:55:19.539" level="INFO">Slept 2 seconds</msg>
<status status="PASS" starttime="20200728 14:55:17.537" endtime="20200728 14:55:19.539"></status>
</kw>
<kw name="Click Element" library="Selenium2Library">
<doc>Click the element identified by ``locator``.</doc>
<arguments>
<arg>//li[@class='rc-pagination-next']//div[@id='iconButtonComponent']//*[local-name()='svg']</arg>
</arguments>
<msg timestamp="20200728 14:55:19.540" level="INFO">Clicking element '//li[@class='rc-pagination-next']//div[@id='iconButtonComponent']//*[local-name()='svg']'.</msg>
<status status="PASS" starttime="20200728 14:55:19.539" endtime="20200728 14:55:19.673"></status>
</kw>
<kw name="Sleep" library="BuiltIn">
<doc>Pauses the test executed for the given time.</doc>
<arguments>
<arg>2s</arg>
</arguments>
<msg timestamp="20200728 14:55:21.675" level="INFO">Slept 2 seconds</msg>
<status status="PASS" starttime="20200728 14:55:19.674" endtime="20200728 14:55:21.675"></status>
</kw>
<kw name="Click Element" library="Selenium2Library">
<doc>Click the element identified by ``locator``.</doc>
<arguments>
<arg>//button[@class='css-1hyd4x5']</arg>
</arguments>
<msg timestamp="20200728 14:55:21.676" level="INFO">Clicking element '//button[@class='css-1hyd4x5']'.</msg>
<status status="PASS" starttime="20200728 14:55:21.675" endtime="20200728 14:55:21.749"></status>
</kw>
<kw name="Sleep" library="BuiltIn">
<doc>Pauses the test executed for the given time.</doc>
<arguments>
<arg>2s</arg>
</arguments>
<msg timestamp="20200728 14:55:23.751" level="INFO">Slept 2 seconds</msg>
<status status="PASS" starttime="20200728 14:55:21.750" endtime="20200728 14:55:23.751"></status>
</kw>
<kw name="Click Element" library="Selenium2Library">
<doc>Click the element identified by ``locator``.</doc>
<arguments>
<arg>//button[@class='css-ab32j2'][contains(text(),'20')]</arg>
</arguments>
<msg timestamp="20200728 14:55:23.753" level="INFO">Clicking element '//button[@class='css-ab32j2'][contains(text(),'20')]'.</msg>
<status status="PASS" starttime="20200728 14:55:23.752" endtime="20200728 14:55:23.861"></status>
</kw>
<kw name="Sleep" library="BuiltIn">
<doc>Pauses the test executed for the given time.</doc>
<arguments>
<arg>2s</arg>
</arguments>
<msg timestamp="20200728 14:55:25.862" level="INFO">Slept 2 seconds</msg>
<status status="PASS" starttime="20200728 14:55:23.861" endtime="20200728 14:55:25.862"></status>
</kw>
<kw name="Wait Until Element Is Visible" library="Selenium2Library">
<doc>Waits until the element ``locator`` is visible.</doc>
<arguments>
<arg>//*[@class='css-1vwly8k']</arg>
</arguments>
<status status="PASS" starttime="20200728 14:55:25.862" endtime="20200728 14:55:25.898"></status>
</kw>
<kw name="Sleep" library="BuiltIn">
<doc>Pauses the test executed for the given time.</doc>
<arguments>
<arg>2s</arg>
</arguments>
<msg timestamp="20200728 14:55:27.901" level="INFO">Slept 2 seconds</msg>
<status status="PASS" starttime="20200728 14:55:25.898" endtime="20200728 14:55:27.901"></status>
</kw>
<kw name="Click Element" library="Selenium2Library">
<doc>Click the element identified by ``locator``.</doc>
<arguments>
<arg>//button[@class='css-1hyd4x5']</arg>
</arguments>
<msg timestamp="20200728 14:55:27.902" level="INFO">Clicking element '//button[@class='css-1hyd4x5']'.</msg>
<status status="PASS" starttime="20200728 14:55:27.902" endtime="20200728 14:55:27.964"></status>
</kw>
<kw name="Sleep" library="BuiltIn">
<doc>Pauses the test executed for the given time.</doc>
<arguments>
<arg>2s</arg>
</arguments>
<msg timestamp="20200728 14:55:29.966" level="INFO">Slept 2 seconds</msg>
<status status="PASS" starttime="20200728 14:55:27.965" endtime="20200728 14:55:29.966"></status>
</kw>
<kw name="Click Element" library="Selenium2Library">
<doc>Click the element identified by ``locator``.</doc>
<arguments>
<arg>//button[@class='css-ab32j2'][contains(text(),'30')]</arg>
</arguments>
<msg timestamp="20200728 14:55:29.967" level="INFO">Clicking element '//button[@class='css-ab32j2'][contains(text(),'30')]'.</msg>
<status status="PASS" starttime="20200728 14:55:29.967" endtime="20200728 14:55:30.074"></status>
</kw>
<kw name="Sleep" library="BuiltIn">
<doc>Pauses the test executed for the given time.</doc>
<arguments>
<arg>2s</arg>
</arguments>
<msg timestamp="20200728 14:55:32.078" level="INFO">Slept 2 seconds</msg>
<status status="PASS" starttime="20200728 14:55:30.075" endtime="20200728 14:55:32.078"></status>
</kw>
<kw name="Wait Until Element Is Visible" library="Selenium2Library">
<doc>Waits until the element ``locator`` is visible.</doc>
<arguments>
<arg>//*[@class='css-1vwly8k']</arg>
</arguments>
<status status="PASS" starttime="20200728 14:55:32.078" endtime="20200728 14:55:32.107"></status>
</kw>
<kw name="Sleep" library="BuiltIn">
<doc>Pauses the test executed for the given time.</doc>
<arguments>
<arg>2s</arg>
</arguments>
<msg timestamp="20200728 14:55:34.108" level="INFO">Slept 2 seconds</msg>
<status status="PASS" starttime="20200728 14:55:32.107" endtime="20200728 14:55:34.108"></status>
</kw>
<kw name="Click Element" library="Selenium2Library">
<doc>Click the element identified by ``locator``.</doc>
<arguments>
<arg>//button[@id='spassAppsFilterClearBtn']</arg>
</arguments>
<msg timestamp="20200728 14:55:34.109" level="INFO">Clicking element '//button[@id='spassAppsFilterClearBtn']'.</msg>
<status status="PASS" starttime="20200728 14:55:34.108" endtime="20200728 14:55:34.190"></status>
</kw>
<kw name="Reload Page" library="Selenium2Library">
<doc>Simulates user reloading page.</doc>
<status status="PASS" starttime="20200728 14:55:34.190" endtime="20200728 14:55:34.534"></status>
</kw>
<kw name="Sleep" library="BuiltIn">
<doc>Pauses the test executed for the given time.</doc>
<arguments>
<arg>5s</arg>
</arguments>
<msg timestamp="20200728 14:55:39.537" level="INFO">Slept 5 seconds</msg>
<status status="PASS" starttime="20200728 14:55:34.535" endtime="20200728 14:55:39.537"></status>
</kw>
<kw name="Click Element" library="Selenium2Library">
<doc>Click the element identified by ``locator``.</doc>
<arguments>
<arg>//span[@class='css-vcw0sj'][contains(text(),'Forced Update')]</arg>
</arguments>
<msg timestamp="20200728 14:55:39.539" level="INFO">Clicking element '//span[@class='css-vcw0sj'][contains(text(),'Forced Update')]'.</msg>
<status status="PASS" starttime="20200728 14:55:39.538" endtime="20200728 14:55:39.609"></status>
</kw>
<kw name="Sleep" library="BuiltIn">
<doc>Pauses the test executed for the given time.</doc>
<arguments>
<arg>2s</arg>
</arguments>
<msg timestamp="20200728 14:55:41.612" level="INFO">Slept 2 seconds</msg>
<status status="PASS" starttime="20200728 14:55:39.610" endtime="20200728 14:55:41.612"></status>
</kw>
<kw name="Click Element" library="Selenium2Library">
<doc>Click the element identified by ``locator``.</doc>
<arguments>
<arg>//div[@class='css-1j14ri1']//div//button[contains(text(),'All')]</arg>
</arguments>
<msg timestamp="20200728 14:55:41.612" level="INFO">Clicking element '//div[@class='css-1j14ri1']//div//button[contains(text(),'All')]'.</msg>
<status status="PASS" starttime="20200728 14:55:41.612" endtime="20200728 14:55:41.711"></status>
</kw>
<kw name="Sleep" library="BuiltIn">
<doc>Pauses the test executed for the given time.</doc>
<arguments>
<arg>2s</arg>
</arguments>
<msg timestamp="20200728 14:55:43.712" level="INFO">Slept 2 seconds</msg>
<status status="PASS" starttime="20200728 14:55:41.711" endtime="20200728 14:55:43.712"></status>
</kw>
<kw name="Click Element" library="Selenium2Library">
<doc>Click the element identified by ``locator``.</doc>
<arguments>
<arg>//button[@class='css-doaywb']</arg>
</arguments>
<msg timestamp="20200728 14:55:43.713" level="INFO">Clicking element '//button[@class='css-doaywb']'.</msg>
<status status="PASS" starttime="20200728 14:55:43.713" endtime="20200728 14:55:43.806"></status>
</kw>
<kw name="Page Should Contain" library="Selenium2Library">
<doc>Verifies that current page contains ``text``.</doc>
<arguments>
<arg>Yes</arg>
</arguments>
<msg timestamp="20200728 14:55:43.831" level="INFO">Current page contains text 'Yes'.</msg>
<status status="PASS" starttime="20200728 14:55:43.807" endtime="20200728 14:55:43.831"></status>
</kw>
<kw name="Page Should Contain" library="Selenium2Library">
<doc>Verifies that current page contains ``text``.</doc>
<arguments>
<arg>No</arg>
</arguments>
<msg timestamp="20200728 14:55:43.856" level="INFO">Current page contains text 'No'.</msg>
<status status="PASS" starttime="20200728 14:55:43.831" endtime="20200728 14:55:43.856"></status>
</kw>
<kw name="Capture Page Screenshot" library="Selenium2Library">
<doc>Takes a screenshot of the current page and embeds it into a log file.</doc>
<msg timestamp="20200728 14:55:44.227" level="INFO" html="yes">&lt;/td&gt;&lt;/tr&gt;&lt;tr&gt;&lt;td colspan="3"&gt;&lt;a href="selenium-screenshot-62.png"&gt;&lt;img src="selenium-screenshot-62.png" width="800px"&gt;&lt;/a&gt;</msg>
<status status="PASS" starttime="20200728 14:55:43.857" endtime="20200728 14:55:44.228"></status>
</kw>
<kw name="Sleep" library="BuiltIn">
<doc>Pauses the test executed for the given time.</doc>
<arguments>
<arg>2s</arg>
</arguments>
<msg timestamp="20200728 14:55:46.230" level="INFO">Slept 2 seconds</msg>
<status status="PASS" starttime="20200728 14:55:44.228" endtime="20200728 14:55:46.230"></status>
</kw>
<kw name="Click Element" library="Selenium2Library">
<doc>Click the element identified by ``locator``.</doc>
<arguments>
<arg>//li[@class='rc-pagination-next']//div[@id='iconButtonComponent']//*[local-name()='svg']</arg>
</arguments>
<msg timestamp="20200728 14:55:46.231" level="INFO">Clicking element '//li[@class='rc-pagination-next']//div[@id='iconButtonComponent']//*[local-name()='svg']'.</msg>
<status status="PASS" starttime="20200728 14:55:46.230" endtime="20200728 14:55:46.366"></status>
</kw>
<kw name="Sleep" library="BuiltIn">
<doc>Pauses the test executed for the given time.</doc>
<arguments>
<arg>2s</arg>
</arguments>
<msg timestamp="20200728 14:55:48.368" level="INFO">Slept 2 seconds</msg>
<status status="PASS" starttime="20200728 14:55:46.367" endtime="20200728 14:55:48.368"></status>
</kw>
<kw name="Click Element" library="Selenium2Library">
<doc>Click the element identified by ``locator``.</doc>
<arguments>
<arg>//li[@class='rc-pagination-next']//div[@id='iconButtonComponent']//*[local-name()='svg']</arg>
</arguments>
<msg timestamp="20200728 14:55:48.370" level="INFO">Clicking element '//li[@class='rc-pagination-next']//div[@id='iconButtonComponent']//*[local-name()='svg']'.</msg>
<status status="PASS" starttime="20200728 14:55:48.369" endtime="20200728 14:55:48.475"></status>
</kw>
<kw name="Sleep" library="BuiltIn">
<doc>Pauses the test executed for the given time.</doc>
<arguments>
<arg>2s</arg>
</arguments>
<msg timestamp="20200728 14:55:50.479" level="INFO">Slept 2 seconds</msg>
<status status="PASS" starttime="20200728 14:55:48.476" endtime="20200728 14:55:50.479"></status>
</kw>
<kw name="Click Element" library="Selenium2Library">
<doc>Click the element identified by ``locator``.</doc>
<arguments>
<arg>//li[@class='rc-pagination-next']//div[@id='iconButtonComponent']//*[local-name()='svg']</arg>
</arguments>
<msg timestamp="20200728 14:55:50.481" level="INFO">Clicking element '//li[@class='rc-pagination-next']//div[@id='iconButtonComponent']//*[local-name()='svg']'.</msg>
<status status="PASS" starttime="20200728 14:55:50.480" endtime="20200728 14:55:50.575"></status>
</kw>
<kw name="Sleep" library="BuiltIn">
<doc>Pauses the test executed for the given time.</doc>
<arguments>
<arg>2s</arg>
</arguments>
<msg timestamp="20200728 14:55:52.577" level="INFO">Slept 2 seconds</msg>
<status status="PASS" starttime="20200728 14:55:50.575" endtime="20200728 14:55:52.577"></status>
</kw>
<kw name="Click Element" library="Selenium2Library">
<doc>Click the element identified by ``locator``.</doc>
<arguments>
<arg>//li[@class='rc-pagination-next']//div[@id='iconButtonComponent']//*[local-name()='svg']</arg>
</arguments>
<msg timestamp="20200728 14:55:52.579" level="INFO">Clicking element '//li[@class='rc-pagination-next']//div[@id='iconButtonComponent']//*[local-name()='svg']'.</msg>
<status status="PASS" starttime="20200728 14:55:52.578" endtime="20200728 14:55:52.667"></status>
</kw>
<kw name="Sleep" library="BuiltIn">
<doc>Pauses the test executed for the given time.</doc>
<arguments>
<arg>2s</arg>
</arguments>
<msg timestamp="20200728 14:55:54.669" level="INFO">Slept 2 seconds</msg>
<status status="PASS" starttime="20200728 14:55:52.667" endtime="20200728 14:55:54.669"></status>
</kw>
<kw name="Click Element" library="Selenium2Library">
<doc>Click the element identified by ``locator``.</doc>
<arguments>
<arg>//li[@class='rc-pagination-next']//div[@id='iconButtonComponent']//*[local-name()='svg']</arg>
</arguments>
<msg timestamp="20200728 14:55:54.671" level="INFO">Clicking element '//li[@class='rc-pagination-next']//div[@id='iconButtonComponent']//*[local-name()='svg']'.</msg>
<status status="PASS" starttime="20200728 14:55:54.670" endtime="20200728 14:55:54.756"></status>
</kw>
<kw name="Sleep" library="BuiltIn">
<doc>Pauses the test executed for the given time.</doc>
<arguments>
<arg>2s</arg>
</arguments>
<msg timestamp="20200728 14:55:56.759" level="INFO">Slept 2 seconds</msg>
<status status="PASS" starttime="20200728 14:55:54.756" endtime="20200728 14:55:56.759"></status>
</kw>
<kw name="Click Element" library="Selenium2Library">
<doc>Click the element identified by ``locator``.</doc>
<arguments>
<arg>//li[@class='rc-pagination-next']//div[@id='iconButtonComponent']//*[local-name()='svg']</arg>
</arguments>
<msg timestamp="20200728 14:55:56.761" level="INFO">Clicking element '//li[@class='rc-pagination-next']//div[@id='iconButtonComponent']//*[local-name()='svg']'.</msg>
<status status="PASS" starttime="20200728 14:55:56.760" endtime="20200728 14:55:56.847"></status>
</kw>
<kw name="Sleep" library="BuiltIn">
<doc>Pauses the test executed for the given time.</doc>
<arguments>
<arg>2s</arg>
</arguments>
<msg timestamp="20200728 14:55:58.849" level="INFO">Slept 2 seconds</msg>
<status status="PASS" starttime="20200728 14:55:56.847" endtime="20200728 14:55:58.849"></status>
</kw>
<kw name="Click Element" library="Selenium2Library">
<doc>Click the element identified by ``locator``.</doc>
<arguments>
<arg>//li[@class='rc-pagination-next']//div[@id='iconButtonComponent']//*[local-name()='svg']</arg>
</arguments>
<msg timestamp="20200728 14:55:58.850" level="INFO">Clicking element '//li[@class='rc-pagination-next']//div[@id='iconButtonComponent']//*[local-name()='svg']'.</msg>
<status status="PASS" starttime="20200728 14:55:58.850" endtime="20200728 14:55:58.936"></status>
</kw>
<kw name="Sleep" library="BuiltIn">
<doc>Pauses the test executed for the given time.</doc>
<arguments>
<arg>2s</arg>
</arguments>
<msg timestamp="20200728 14:56:00.938" level="INFO">Slept 2 seconds</msg>
<status status="PASS" starttime="20200728 14:55:58.937" endtime="20200728 14:56:00.938"></status>
</kw>
<kw name="Click Element" library="Selenium2Library">
<doc>Click the element identified by ``locator``.</doc>
<arguments>
<arg>//button[@class='css-1hyd4x5']</arg>
</arguments>
<msg timestamp="20200728 14:56:00.939" level="INFO">Clicking element '//button[@class='css-1hyd4x5']'.</msg>
<status status="PASS" starttime="20200728 14:56:00.939" endtime="20200728 14:56:01.013"></status>
</kw>
<kw name="Sleep" library="BuiltIn">
<doc>Pauses the test executed for the given time.</doc>
<arguments>
<arg>2s</arg>
</arguments>
<msg timestamp="20200728 14:56:03.015" level="INFO">Slept 2 seconds</msg>
<status status="PASS" starttime="20200728 14:56:01.014" endtime="20200728 14:56:03.015"></status>
</kw>
<kw name="Click Element" library="Selenium2Library">
<doc>Click the element identified by ``locator``.</doc>
<arguments>
<arg>//button[@class='css-ab32j2'][contains(text(),'20')]</arg>
</arguments>
<msg timestamp="20200728 14:56:03.016" level="INFO">Clicking element '//button[@class='css-ab32j2'][contains(text(),'20')]'.</msg>
<status status="PASS" starttime="20200728 14:56:03.016" endtime="20200728 14:56:03.115"></status>
</kw>
<kw name="Sleep" library="BuiltIn">
<doc>Pauses the test executed for the given time.</doc>
<arguments>
<arg>2s</arg>
</arguments>
<msg timestamp="20200728 14:56:05.117" level="INFO">Slept 2 seconds</msg>
<status status="PASS" starttime="20200728 14:56:03.116" endtime="20200728 14:56:05.117"></status>
</kw>
<kw name="Wait Until Element Is Visible" library="Selenium2Library">
<doc>Waits until the element ``locator`` is visible.</doc>
<arguments>
<arg>//*[@class='css-1vwly8k']</arg>
</arguments>
<status status="PASS" starttime="20200728 14:56:05.117" endtime="20200728 14:56:05.150"></status>
</kw>
<kw name="Sleep" library="BuiltIn">
<doc>Pauses the test executed for the given time.</doc>
<arguments>
<arg>2s</arg>
</arguments>
<msg timestamp="20200728 14:56:07.151" level="INFO">Slept 2 seconds</msg>
<status status="PASS" starttime="20200728 14:56:05.150" endtime="20200728 14:56:07.151"></status>
</kw>
<kw name="Click Element" library="Selenium2Library">
<doc>Click the element identified by ``locator``.</doc>
<arguments>
<arg>//button[@class='css-1hyd4x5']</arg>
</arguments>
<msg timestamp="20200728 14:56:07.152" level="INFO">Clicking element '//button[@class='css-1hyd4x5']'.</msg>
<status status="PASS" starttime="20200728 14:56:07.152" endtime="20200728 14:56:07.217"></status>
</kw>
<kw name="Sleep" library="BuiltIn">
<doc>Pauses the test executed for the given time.</doc>
<arguments>
<arg>2s</arg>
</arguments>
<msg timestamp="20200728 14:56:09.219" level="INFO">Slept 2 seconds</msg>
<status status="PASS" starttime="20200728 14:56:07.218" endtime="20200728 14:56:09.219"></status>
</kw>
<kw name="Click Element" library="Selenium2Library">
<doc>Click the element identified by ``locator``.</doc>
<arguments>
<arg>//button[@class='css-ab32j2'][contains(text(),'30')]</arg>
</arguments>
<msg timestamp="20200728 14:56:09.220" level="INFO">Clicking element '//button[@class='css-ab32j2'][contains(text(),'30')]'.</msg>
<status status="PASS" starttime="20200728 14:56:09.220" endtime="20200728 14:56:09.328"></status>
</kw>
<kw name="Sleep" library="BuiltIn">
<doc>Pauses the test executed for the given time.</doc>
<arguments>
<arg>2s</arg>
</arguments>
<msg timestamp="20200728 14:56:11.329" level="INFO">Slept 2 seconds</msg>
<status status="PASS" starttime="20200728 14:56:09.328" endtime="20200728 14:56:11.329"></status>
</kw>
<kw name="Wait Until Element Is Visible" library="Selenium2Library">
<doc>Waits until the element ``locator`` is visible.</doc>
<arguments>
<arg>//*[@class='css-1vwly8k']</arg>
</arguments>
<status status="PASS" starttime="20200728 14:56:11.329" endtime="20200728 14:56:11.367"></status>
</kw>
<kw name="Sleep" library="BuiltIn">
<doc>Pauses the test executed for the given time.</doc>
<arguments>
<arg>2s</arg>
</arguments>
<msg timestamp="20200728 14:56:13.370" level="INFO">Slept 2 seconds</msg>
<status status="PASS" starttime="20200728 14:56:11.367" endtime="20200728 14:56:13.370"></status>
</kw>
<kw name="Click Element" library="Selenium2Library">
<doc>Click the element identified by ``locator``.</doc>
<arguments>
<arg>//button[@id='spassAppsFilterClearBtn']</arg>
</arguments>
<msg timestamp="20200728 14:56:13.371" level="INFO">Clicking element '//button[@id='spassAppsFilterClearBtn']'.</msg>
<status status="PASS" starttime="20200728 14:56:13.370" endtime="20200728 14:56:13.461"></status>
</kw>
<kw name="Reload Page" library="Selenium2Library">
<doc>Simulates user reloading page.</doc>
<status status="PASS" starttime="20200728 14:56:13.461" endtime="20200728 14:56:13.818"></status>
</kw>
<kw name="Sleep" library="BuiltIn">
<doc>Pauses the test executed for the given time.</doc>
<arguments>
<arg>5s</arg>
</arguments>
<msg timestamp="20200728 14:56:18.819" level="INFO">Slept 5 seconds</msg>
<status status="PASS" starttime="20200728 14:56:13.818" endtime="20200728 14:56:18.819"></status>
</kw>
<kw name="Click Element" library="Selenium2Library">
<doc>Click the element identified by ``locator``.</doc>
<arguments>
<arg>//span[@class='css-vcw0sj'][contains(text(),'Forced Update')]</arg>
</arguments>
<msg timestamp="20200728 14:56:18.821" level="INFO">Clicking element '//span[@class='css-vcw0sj'][contains(text(),'Forced Update')]'.</msg>
<status status="PASS" starttime="20200728 14:56:18.820" endtime="20200728 14:56:18.901"></status>
</kw>
<kw name="Sleep" library="BuiltIn">
<doc>Pauses the test executed for the given time.</doc>
<arguments>
<arg>2s</arg>
</arguments>
<msg timestamp="20200728 14:56:20.902" level="INFO">Slept 2 seconds</msg>
<status status="PASS" starttime="20200728 14:56:18.901" endtime="20200728 14:56:20.902"></status>
</kw>
<kw name="Click Element" library="Selenium2Library">
<doc>Click the element identified by ``locator``.</doc>
<arguments>
<arg>//div[@class='css-1j14ri1']//div//button[contains(text(),'Yes')]</arg>
</arguments>
<msg timestamp="20200728 14:56:20.903" level="INFO">Clicking element '//div[@class='css-1j14ri1']//div//button[contains(text(),'Yes')]'.</msg>
<status status="PASS" starttime="20200728 14:56:20.903" endtime="20200728 14:56:21.003"></status>
</kw>
<kw name="Sleep" library="BuiltIn">
<doc>Pauses the test executed for the given time.</doc>
<arguments>
<arg>2s</arg>
</arguments>
<msg timestamp="20200728 14:56:23.005" level="INFO">Slept 2 seconds</msg>
<status status="PASS" starttime="20200728 14:56:21.004" endtime="20200728 14:56:23.005"></status>
</kw>
<kw name="Click Element" library="Selenium2Library">
<doc>Click the element identified by ``locator``.</doc>
<arguments>
<arg>//button[@class='css-doaywb']</arg>
</arguments>
<msg timestamp="20200728 14:56:23.006" level="INFO">Clicking element '//button[@class='css-doaywb']'.</msg>
<status status="PASS" starttime="20200728 14:56:23.006" endtime="20200728 14:56:23.098"></status>
</kw>
<kw name="Page Should Contain" library="Selenium2Library">
<doc>Verifies that current page contains ``text``.</doc>
<arguments>
<arg>Yes</arg>
</arguments>
<msg timestamp="20200728 14:56:23.124" level="INFO">Current page contains text 'Yes'.</msg>
<status status="PASS" starttime="20200728 14:56:23.099" endtime="20200728 14:56:23.124"></status>
</kw>
<kw name="Capture Page Screenshot" library="Selenium2Library">
<doc>Takes a screenshot of the current page and embeds it into a log file.</doc>
<msg timestamp="20200728 14:56:23.502" level="INFO" html="yes">&lt;/td&gt;&lt;/tr&gt;&lt;tr&gt;&lt;td colspan="3"&gt;&lt;a href="selenium-screenshot-63.png"&gt;&lt;img src="selenium-screenshot-63.png" width="800px"&gt;&lt;/a&gt;</msg>
<status status="PASS" starttime="20200728 14:56:23.125" endtime="20200728 14:56:23.502"></status>
</kw>
<kw name="Sleep" library="BuiltIn">
<doc>Pauses the test executed for the given time.</doc>
<arguments>
<arg>2s</arg>
</arguments>
<msg timestamp="20200728 14:56:25.505" level="INFO">Slept 2 seconds</msg>
<status status="PASS" starttime="20200728 14:56:23.503" endtime="20200728 14:56:25.505"></status>
</kw>
<kw name="Click Element" library="Selenium2Library">
<doc>Click the element identified by ``locator``.</doc>
<arguments>
<arg>//li[@class='rc-pagination-next']//div[@id='iconButtonComponent']//*[local-name()='svg']</arg>
</arguments>
<msg timestamp="20200728 14:56:25.506" level="INFO">Clicking element '//li[@class='rc-pagination-next']//div[@id='iconButtonComponent']//*[local-name()='svg']'.</msg>
<status status="PASS" starttime="20200728 14:56:25.505" endtime="20200728 14:56:25.642"></status>
</kw>
<kw name="Sleep" library="BuiltIn">
<doc>Pauses the test executed for the given time.</doc>
<arguments>
<arg>2s</arg>
</arguments>
<msg timestamp="20200728 14:56:27.644" level="INFO">Slept 2 seconds</msg>
<status status="PASS" starttime="20200728 14:56:25.642" endtime="20200728 14:56:27.644"></status>
</kw>
<kw name="Click Element" library="Selenium2Library">
<doc>Click the element identified by ``locator``.</doc>
<arguments>
<arg>//li[@class='rc-pagination-next']//div[@id='iconButtonComponent']//*[local-name()='svg']</arg>
</arguments>
<msg timestamp="20200728 14:56:27.646" level="INFO">Clicking element '//li[@class='rc-pagination-next']//div[@id='iconButtonComponent']//*[local-name()='svg']'.</msg>
<status status="PASS" starttime="20200728 14:56:27.645" endtime="20200728 14:56:27.738"></status>
</kw>
<kw name="Sleep" library="BuiltIn">
<doc>Pauses the test executed for the given time.</doc>
<arguments>
<arg>2s</arg>
</arguments>
<msg timestamp="20200728 14:56:29.740" level="INFO">Slept 2 seconds</msg>
<status status="PASS" starttime="20200728 14:56:27.739" endtime="20200728 14:56:29.740"></status>
</kw>
<kw name="Click Element" library="Selenium2Library">
<doc>Click the element identified by ``locator``.</doc>
<arguments>
<arg>//button[@class='css-1hyd4x5']</arg>
</arguments>
<msg timestamp="20200728 14:56:29.741" level="INFO">Clicking element '//button[@class='css-1hyd4x5']'.</msg>
<status status="PASS" starttime="20200728 14:56:29.740" endtime="20200728 14:56:29.813"></status>
</kw>
<kw name="Sleep" library="BuiltIn">
<doc>Pauses the test executed for the given time.</doc>
<arguments>
<arg>2s</arg>
</arguments>
<msg timestamp="20200728 14:56:31.816" level="INFO">Slept 2 seconds</msg>
<status status="PASS" starttime="20200728 14:56:29.813" endtime="20200728 14:56:31.816"></status>
</kw>
<kw name="Click Element" library="Selenium2Library">
<doc>Click the element identified by ``locator``.</doc>
<arguments>
<arg>//button[@class='css-ab32j2'][contains(text(),'20')]</arg>
</arguments>
<msg timestamp="20200728 14:56:31.817" level="INFO">Clicking element '//button[@class='css-ab32j2'][contains(text(),'20')]'.</msg>
<status status="PASS" starttime="20200728 14:56:31.817" endtime="20200728 14:56:31.916"></status>
</kw>
<kw name="Sleep" library="BuiltIn">
<doc>Pauses the test executed for the given time.</doc>
<arguments>
<arg>2s</arg>
</arguments>
<msg timestamp="20200728 14:56:33.917" level="INFO">Slept 2 seconds</msg>
<status status="PASS" starttime="20200728 14:56:31.917" endtime="20200728 14:56:33.917"></status>
</kw>
<kw name="Wait Until Element Is Visible" library="Selenium2Library">
<doc>Waits until the element ``locator`` is visible.</doc>
<arguments>
<arg>//*[@class='css-1vwly8k']</arg>
</arguments>
<status status="PASS" starttime="20200728 14:56:33.918" endtime="20200728 14:56:33.954"></status>
</kw>
<kw name="Sleep" library="BuiltIn">
<doc>Pauses the test executed for the given time.</doc>
<arguments>
<arg>2s</arg>
</arguments>
<msg timestamp="20200728 14:56:35.956" level="INFO">Slept 2 seconds</msg>
<status status="PASS" starttime="20200728 14:56:33.955" endtime="20200728 14:56:35.956"></status>
</kw>
<kw name="Click Element" library="Selenium2Library">
<doc>Click the element identified by ``locator``.</doc>
<arguments>
<arg>//button[@class='css-1hyd4x5']</arg>
</arguments>
<msg timestamp="20200728 14:56:35.956" level="INFO">Clicking element '//button[@class='css-1hyd4x5']'.</msg>
<status status="PASS" starttime="20200728 14:56:35.956" endtime="20200728 14:56:36.023"></status>
</kw>
<kw name="Sleep" library="BuiltIn">
<doc>Pauses the test executed for the given time.</doc>
<arguments>
<arg>2s</arg>
</arguments>
<msg timestamp="20200728 14:56:38.024" level="INFO">Slept 2 seconds</msg>
<status status="PASS" starttime="20200728 14:56:36.023" endtime="20200728 14:56:38.024"></status>
</kw>
<kw name="Click Element" library="Selenium2Library">
<doc>Click the element identified by ``locator``.</doc>
<arguments>
<arg>//button[@class='css-ab32j2'][contains(text(),'30')]</arg>
</arguments>
<msg timestamp="20200728 14:56:38.025" level="INFO">Clicking element '//button[@class='css-ab32j2'][contains(text(),'30')]'.</msg>
<status status="PASS" starttime="20200728 14:56:38.025" endtime="20200728 14:56:38.142"></status>
</kw>
<kw name="Sleep" library="BuiltIn">
<doc>Pauses the test executed for the given time.</doc>
<arguments>
<arg>2s</arg>
</arguments>
<msg timestamp="20200728 14:56:40.145" level="INFO">Slept 2 seconds</msg>
<status status="PASS" starttime="20200728 14:56:38.143" endtime="20200728 14:56:40.145"></status>
</kw>
<kw name="Wait Until Element Is Visible" library="Selenium2Library">
<doc>Waits until the element ``locator`` is visible.</doc>
<arguments>
<arg>//*[@class='css-1vwly8k']</arg>
</arguments>
<status status="PASS" starttime="20200728 14:56:40.145" endtime="20200728 14:56:40.187"></status>
</kw>
<kw name="Sleep" library="BuiltIn">
<doc>Pauses the test executed for the given time.</doc>
<arguments>
<arg>2s</arg>
</arguments>
<msg timestamp="20200728 14:56:42.189" level="INFO">Slept 2 seconds</msg>
<status status="PASS" starttime="20200728 14:56:40.188" endtime="20200728 14:56:42.189"></status>
</kw>
<kw name="Click Element" library="Selenium2Library">
<doc>Click the element identified by ``locator``.</doc>
<arguments>
<arg>//button[@id='spassAppsFilterClearBtn']</arg>
</arguments>
<msg timestamp="20200728 14:56:42.190" level="INFO">Clicking element '//button[@id='spassAppsFilterClearBtn']'.</msg>
<status status="PASS" starttime="20200728 14:56:42.190" endtime="20200728 14:56:42.303"></status>
</kw>
<kw name="Reload Page" library="Selenium2Library">
<doc>Simulates user reloading page.</doc>
<status status="PASS" starttime="20200728 14:56:42.303" endtime="20200728 14:56:42.770"></status>
</kw>
<kw name="Sleep" library="BuiltIn">
<doc>Pauses the test executed for the given time.</doc>
<arguments>
<arg>5s</arg>
</arguments>
<msg timestamp="20200728 14:56:47.773" level="INFO">Slept 5 seconds</msg>
<status status="PASS" starttime="20200728 14:56:42.771" endtime="20200728 14:56:47.773"></status>
</kw>
<kw name="Click Element" library="Selenium2Library">
<doc>Click the element identified by ``locator``.</doc>
<arguments>
<arg>//span[@class='css-vcw0sj'][contains(text(),'Forced Update')]</arg>
</arguments>
<msg timestamp="20200728 14:56:47.775" level="INFO">Clicking element '//span[@class='css-vcw0sj'][contains(text(),'Forced Update')]'.</msg>
<status status="PASS" starttime="20200728 14:56:47.774" endtime="20200728 14:56:47.852"></status>
</kw>
<kw name="Sleep" library="BuiltIn">
<doc>Pauses the test executed for the given time.</doc>
<arguments>
<arg>2s</arg>
</arguments>
<msg timestamp="20200728 14:56:49.856" level="INFO">Slept 2 seconds</msg>
<status status="PASS" starttime="20200728 14:56:47.853" endtime="20200728 14:56:49.856"></status>
</kw>
<kw name="Click Element" library="Selenium2Library">
<doc>Click the element identified by ``locator``.</doc>
<arguments>
<arg>//div[@class='css-1j14ri1']//div//button[contains(text(),'No')]</arg>
</arguments>
<msg timestamp="20200728 14:56:49.856" level="INFO">Clicking element '//div[@class='css-1j14ri1']//div//button[contains(text(),'No')]'.</msg>
<status status="PASS" starttime="20200728 14:56:49.856" endtime="20200728 14:56:49.962"></status>
</kw>
<kw name="Sleep" library="BuiltIn">
<doc>Pauses the test executed for the given time.</doc>
<arguments>
<arg>2s</arg>
</arguments>
<msg timestamp="20200728 14:56:51.965" level="INFO">Slept 2 seconds</msg>
<status status="PASS" starttime="20200728 14:56:49.962" endtime="20200728 14:56:51.965"></status>
</kw>
<kw name="Click Element" library="Selenium2Library">
<doc>Click the element identified by ``locator``.</doc>
<arguments>
<arg>//button[@class='css-doaywb']</arg>
</arguments>
<msg timestamp="20200728 14:56:51.967" level="INFO">Clicking element '//button[@class='css-doaywb']'.</msg>
<status status="PASS" starttime="20200728 14:56:51.965" endtime="20200728 14:56:52.055"></status>
</kw>
<kw name="Page Should Contain" library="Selenium2Library">
<doc>Verifies that current page contains ``text``.</doc>
<arguments>
<arg>No</arg>
</arguments>
<msg timestamp="20200728 14:56:52.084" level="INFO">Current page contains text 'No'.</msg>
<status status="PASS" starttime="20200728 14:56:52.056" endtime="20200728 14:56:52.085"></status>
</kw>
<kw name="Capture Page Screenshot" library="Selenium2Library">
<doc>Takes a screenshot of the current page and embeds it into a log file.</doc>
<msg timestamp="20200728 14:56:52.491" level="INFO" html="yes">&lt;/td&gt;&lt;/tr&gt;&lt;tr&gt;&lt;td colspan="3"&gt;&lt;a href="selenium-screenshot-64.png"&gt;&lt;img src="selenium-screenshot-64.png" width="800px"&gt;&lt;/a&gt;</msg>
<status status="PASS" starttime="20200728 14:56:52.085" endtime="20200728 14:56:52.492"></status>
</kw>
<kw name="Sleep" library="BuiltIn">
<doc>Pauses the test executed for the given time.</doc>
<arguments>
<arg>2s</arg>
</arguments>
<msg timestamp="20200728 14:56:54.494" level="INFO">Slept 2 seconds</msg>
<status status="PASS" starttime="20200728 14:56:52.492" endtime="20200728 14:56:54.494"></status>
</kw>
<kw name="Click Element" library="Selenium2Library">
<doc>Click the element identified by ``locator``.</doc>
<arguments>
<arg>//li[@class='rc-pagination-next']//div[@id='iconButtonComponent']//*[local-name()='svg']</arg>
</arguments>
<msg timestamp="20200728 14:56:54.495" level="INFO">Clicking element '//li[@class='rc-pagination-next']//div[@id='iconButtonComponent']//*[local-name()='svg']'.</msg>
<status status="PASS" starttime="20200728 14:56:54.495" endtime="20200728 14:56:54.629"></status>
</kw>
<kw name="Sleep" library="BuiltIn">
<doc>Pauses the test executed for the given time.</doc>
<arguments>
<arg>2s</arg>
</arguments>
<msg timestamp="20200728 14:56:56.631" level="INFO">Slept 2 seconds</msg>
<status status="PASS" starttime="20200728 14:56:54.629" endtime="20200728 14:56:56.631"></status>
</kw>
<kw name="Click Element" library="Selenium2Library">
<doc>Click the element identified by ``locator``.</doc>
<arguments>
<arg>//li[@class='rc-pagination-next']//div[@id='iconButtonComponent']//*[local-name()='svg']</arg>
</arguments>
<msg timestamp="20200728 14:56:56.632" level="INFO">Clicking element '//li[@class='rc-pagination-next']//div[@id='iconButtonComponent']//*[local-name()='svg']'.</msg>
<status status="PASS" starttime="20200728 14:56:56.632" endtime="20200728 14:56:56.718"></status>
</kw>
<kw name="Sleep" library="BuiltIn">
<doc>Pauses the test executed for the given time.</doc>
<arguments>
<arg>2s</arg>
</arguments>
<msg timestamp="20200728 14:56:58.720" level="INFO">Slept 2 seconds</msg>
<status status="PASS" starttime="20200728 14:56:56.718" endtime="20200728 14:56:58.720"></status>
</kw>
<kw name="Click Element" library="Selenium2Library">
<doc>Click the element identified by ``locator``.</doc>
<arguments>
<arg>//li[@class='rc-pagination-next']//div[@id='iconButtonComponent']//*[local-name()='svg']</arg>
</arguments>
<msg timestamp="20200728 14:56:58.722" level="INFO">Clicking element '//li[@class='rc-pagination-next']//div[@id='iconButtonComponent']//*[local-name()='svg']'.</msg>
<status status="PASS" starttime="20200728 14:56:58.721" endtime="20200728 14:56:58.811"></status>
</kw>
<kw name="Sleep" library="BuiltIn">
<doc>Pauses the test executed for the given time.</doc>
<arguments>
<arg>2s</arg>
</arguments>
<msg timestamp="20200728 14:57:00.813" level="INFO">Slept 2 seconds</msg>
<status status="PASS" starttime="20200728 14:56:58.811" endtime="20200728 14:57:00.813"></status>
</kw>
<kw name="Click Element" library="Selenium2Library">
<doc>Click the element identified by ``locator``.</doc>
<arguments>
<arg>//li[@class='rc-pagination-next']//div[@id='iconButtonComponent']//*[local-name()='svg']</arg>
</arguments>
<msg timestamp="20200728 14:57:00.814" level="INFO">Clicking element '//li[@class='rc-pagination-next']//div[@id='iconButtonComponent']//*[local-name()='svg']'.</msg>
<status status="PASS" starttime="20200728 14:57:00.813" endtime="20200728 14:57:00.916"></status>
</kw>
<kw name="Sleep" library="BuiltIn">
<doc>Pauses the test executed for the given time.</doc>
<arguments>
<arg>2s</arg>
</arguments>
<msg timestamp="20200728 14:57:02.918" level="INFO">Slept 2 seconds</msg>
<status status="PASS" starttime="20200728 14:57:00.916" endtime="20200728 14:57:02.919"></status>
</kw>
<kw name="Click Element" library="Selenium2Library">
<doc>Click the element identified by ``locator``.</doc>
<arguments>
<arg>//button[@class='css-1hyd4x5']</arg>
</arguments>
<msg timestamp="20200728 14:57:02.920" level="INFO">Clicking element '//button[@class='css-1hyd4x5']'.</msg>
<status status="PASS" starttime="20200728 14:57:02.919" endtime="20200728 14:57:02.991"></status>
</kw>
<kw name="Sleep" library="BuiltIn">
<doc>Pauses the test executed for the given time.</doc>
<arguments>
<arg>2s</arg>
</arguments>
<msg timestamp="20200728 14:57:04.992" level="INFO">Slept 2 seconds</msg>
<status status="PASS" starttime="20200728 14:57:02.991" endtime="20200728 14:57:04.992"></status>
</kw>
<kw name="Click Element" library="Selenium2Library">
<doc>Click the element identified by ``locator``.</doc>
<arguments>
<arg>//button[@class='css-ab32j2'][contains(text(),'20')]</arg>
</arguments>
<msg timestamp="20200728 14:57:04.993" level="INFO">Clicking element '//button[@class='css-ab32j2'][contains(text(),'20')]'.</msg>
<status status="PASS" starttime="20200728 14:57:04.993" endtime="20200728 14:57:05.121"></status>
</kw>
<kw name="Sleep" library="BuiltIn">
<doc>Pauses the test executed for the given time.</doc>
<arguments>
<arg>2s</arg>
</arguments>
<msg timestamp="20200728 14:57:07.124" level="INFO">Slept 2 seconds</msg>
<status status="PASS" starttime="20200728 14:57:05.122" endtime="20200728 14:57:07.124"></status>
</kw>
<kw name="Wait Until Element Is Visible" library="Selenium2Library">
<doc>Waits until the element ``locator`` is visible.</doc>
<arguments>
<arg>//*[@class='css-1vwly8k']</arg>
</arguments>
[...]
</kw>
<kw name="Sleep" library="BuiltIn">
<doc>Pauses the test executed for the given time.</doc>
<arguments>
<arg>2s</arg>
</arguments>
<msg timestamp="20200728 15:01:02.813" level="INFO">Slept 2 seconds</msg>
<status status="PASS" starttime="20200728 15:01:00.812" endtime="20200728 15:01:02.813"></status>
</kw>
<kw name="Click Element" library="Selenium2Library">
<doc>Click the element identified by ``locator``.</doc>
<arguments>
<arg>//li[@class='rc-pagination-next']//div[@id='iconButtonComponent']//*[local-name()='svg']</arg>
</arguments>
<msg timestamp="20200728 15:01:02.814" level="INFO">Clicking element '//li[@class='rc-pagination-next']//div[@id='iconButtonComponent']//*[local-name()='svg']'.</msg>
<status status="PASS" starttime="20200728 15:01:02.814" endtime="20200728 15:01:02.900"></status>
</kw>
<kw name="Sleep" library="BuiltIn">
<doc>Pauses the test executed for the given time.</doc>
<arguments>
<arg>2s</arg>
</arguments>
<msg timestamp="20200728 15:01:04.903" level="INFO">Slept 2 seconds</msg>
<status status="PASS" starttime="20200728 15:01:02.901" endtime="20200728 15:01:04.903"></status>
</kw>
<kw name="Click Element" library="Selenium2Library">
<doc>Click the element identified by ``locator``.</doc>
<arguments>
<arg>//button[@class='css-1hyd4x5']</arg>
</arguments>
<msg timestamp="20200728 15:01:04.903" level="INFO">Clicking element '//button[@class='css-1hyd4x5']'.</msg>
<status status="PASS" starttime="20200728 15:01:04.903" endtime="20200728 15:01:04.988"></status>
</kw>
<kw name="Sleep" library="BuiltIn">
<doc>Pauses the test executed for the given time.</doc>
<arguments>
<arg>2s</arg>
</arguments>
<msg timestamp="20200728 15:01:06.990" level="INFO">Slept 2 seconds</msg>
<status status="PASS" starttime="20200728 15:01:04.988" endtime="20200728 15:01:06.990"></status>
</kw>
<kw name="Click Element" library="Selenium2Library">
<doc>Click the element identified by ``locator``.</doc>
<arguments>
<arg>//button[@class='css-ab32j2'][contains(text(),'20')]</arg>
</arguments>
<msg timestamp="20200728 15:01:06.991" level="INFO">Clicking element '//button[@class='css-ab32j2'][contains(text(),'20')]'.</msg>
<status status="PASS" starttime="20200728 15:01:06.991" endtime="20200728 15:01:07.114"></status>
</kw>
<kw name="Sleep" library="BuiltIn">
<doc>Pauses the test executed for the given time.</doc>
<arguments>
<arg>2s</arg>
</arguments>
<msg timestamp="20200728 15:01:09.116" level="INFO">Slept 2 seconds</msg>
<status status="PASS" starttime="20200728 15:01:07.114" endtime="20200728 15:01:09.116"></status>
</kw>
<kw name="Click Element" library="Selenium2Library">
<doc>Click the element identified by ``locator``.</doc>
<arguments>
<arg>//button[@id='spassAppsFilterClearBtn']</arg>
</arguments>
<msg timestamp="20200728 15:01:09.117" level="INFO">Clicking element '//button[@id='spassAppsFilterClearBtn']'.</msg>
<status status="PASS" starttime="20200728 15:01:09.117" endtime="20200728 15:01:09.220"></status>
</kw>
<kw name="Sleep" library="BuiltIn">
<doc>Pauses the test executed for the given time.</doc>
<arguments>
<arg>5s</arg>
</arguments>
<msg timestamp="20200728 15:01:14.223" level="INFO">Slept 5 seconds</msg>
<status status="PASS" starttime="20200728 15:01:09.221" endtime="20200728 15:01:14.223"></status>
</kw>
<kw name="Click Element" library="Selenium2Library">
<doc>Click the element identified by ``locator``.</doc>
<arguments>
<arg>//*[@class='css-1gg9gay']//*[contains(text(),'From')]</arg>
</arguments>
<msg timestamp="20200728 15:01:14.224" level="INFO">Clicking element '//*[@class='css-1gg9gay']//*[contains(text(),'From')]'.</msg>
<status status="PASS" starttime="20200728 15:01:14.223" endtime="20200728 15:01:14.346"></status>
</kw>
<kw name="Sleep" library="BuiltIn">
<doc>Pauses the test executed for the given time.</doc>
<arguments>
<arg>2s</arg>
</arguments>
<msg timestamp="20200728 15:01:16.348" level="INFO">Slept 2 seconds</msg>
<status status="PASS" starttime="20200728 15:01:14.346" endtime="20200728 15:01:16.348"></status>
</kw>
<kw name="Wait Until Page Contains" library="Selenium2Library">
<doc>Waits until ``text`` appears on the current page.</doc>
<arguments>
<arg>July 2020</arg>
</arguments>
<status status="PASS" starttime="20200728 15:01:16.349" endtime="20200728 15:01:16.362"></status>
</kw>
<kw name="Sleep" library="BuiltIn">
<doc>Pauses the test executed for the given time.</doc>
<arguments>
<arg>2s</arg>
</arguments>
<msg timestamp="20200728 15:01:18.364" level="INFO">Slept 2 seconds</msg>
<status status="PASS" starttime="20200728 15:01:16.362" endtime="20200728 15:01:18.364"></status>
</kw>
<kw name="Click Element" library="Selenium2Library">
<doc>Click the element identified by ``locator``.</doc>
<arguments>
<arg>//div[@class='react-datepicker__day react-datepicker__day--001']</arg>
</arguments>
<msg timestamp="20200728 15:01:18.365" level="INFO">Clicking element '//div[@class='react-datepicker__day react-datepicker__day--001']'.</msg>
<status status="PASS" starttime="20200728 15:01:18.364" endtime="20200728 15:01:18.472"></status>
</kw>
<kw name="Sleep" library="BuiltIn">
<doc>Pauses the test executed for the given time.</doc>
<arguments>
<arg>2s</arg>
</arguments>
<msg timestamp="20200728 15:01:20.475" level="INFO">Slept 2 seconds</msg>
<status status="PASS" starttime="20200728 15:01:18.472" endtime="20200728 15:01:20.475"></status>
</kw>
<kw name="Click Element" library="Selenium2Library">
<doc>Click the element identified by ``locator``.</doc>
<arguments>
<arg>//button[@class='css-doaywb']</arg>
</arguments>
<msg timestamp="20200728 15:01:20.475" level="INFO">Clicking element '//button[@class='css-doaywb']'.</msg>
<status status="PASS" starttime="20200728 15:01:20.475" endtime="20200728 15:01:20.532"></status>
</kw>
<kw name="Page Should Contain" library="Selenium2Library">
<doc>Verifies that current page contains ``text``.</doc>
<arguments>
<arg>2020-07</arg>
</arguments>
<msg timestamp="20200728 15:01:20.550" level="INFO">Current page contains text '2020-07'.</msg>
<status status="PASS" starttime="20200728 15:01:20.532" endtime="20200728 15:01:20.550"></status>
</kw>
<kw name="Sleep" library="BuiltIn">
<doc>Pauses the test executed for the given time.</doc>
<arguments>
<arg>2s</arg>
</arguments>
<msg timestamp="20200728 15:01:22.553" level="INFO">Slept 2 seconds</msg>
<status status="PASS" starttime="20200728 15:01:20.550" endtime="20200728 15:01:22.553"></status>
</kw>
<kw name="Wait Until Element Is Visible" library="Selenium2Library">
<doc>Waits until the element ``locator`` is visible.</doc>
<arguments>
<arg>//*[@class='css-1vwly8k']</arg>
</arguments>
<status status="PASS" starttime="20200728 15:01:22.553" endtime="20200728 15:01:22.581"></status>
</kw>
<kw name="Capture Page Screenshot" library="Selenium2Library">
<doc>Takes a screenshot of the current page and embeds it into a log file.</doc>
<msg timestamp="20200728 15:01:22.965" level="INFO" html="yes">&lt;/td&gt;&lt;/tr&gt;&lt;tr&gt;&lt;td colspan="3"&gt;&lt;a href="selenium-screenshot-72.png"&gt;&lt;img src="selenium-screenshot-72.png" width="800px"&gt;&lt;/a&gt;</msg>
<status status="PASS" starttime="20200728 15:01:22.581" endtime="20200728 15:01:22.965"></status>
</kw>
<kw name="Sleep" library="BuiltIn">
<doc>Pauses the test executed for the given time.</doc>
<arguments>
<arg>2s</arg>
</arguments>
<msg timestamp="20200728 15:01:24.966" level="INFO">Slept 2 seconds</msg>
<status status="PASS" starttime="20200728 15:01:22.965" endtime="20200728 15:01:24.966"></status>
</kw>
<kw name="Click Element" library="Selenium2Library">
<doc>Click the element identified by ``locator``.</doc>
<arguments>
<arg>//li[@class='rc-pagination-next']//div[@id='iconButtonComponent']//*[local-name()='svg']</arg>
</arguments>
<msg timestamp="20200728 15:01:24.967" level="INFO">Clicking element '//li[@class='rc-pagination-next']//div[@id='iconButtonComponent']//*[local-name()='svg']'.</msg>
<status status="PASS" starttime="20200728 15:01:24.967" endtime="20200728 15:01:25.084"></status>
</kw>
<kw name="Sleep" library="BuiltIn">
<doc>Pauses the test executed for the given time.</doc>
<arguments>
<arg>2s</arg>
</arguments>
<msg timestamp="20200728 15:01:27.085" level="INFO">Slept 2 seconds</msg>
<status status="PASS" starttime="20200728 15:01:25.085" endtime="20200728 15:01:27.085"></status>
</kw>
<kw name="Click Element" library="Selenium2Library">
<doc>Click the element identified by ``locator``.</doc>
<arguments>
<arg>//button[@class='css-1hyd4x5']</arg>
</arguments>
<msg timestamp="20200728 15:01:27.086" level="INFO">Clicking element '//button[@class='css-1hyd4x5']'.</msg>
<status status="PASS" starttime="20200728 15:01:27.085" endtime="20200728 15:01:27.164"></status>
</kw>
<kw name="Sleep" library="BuiltIn">
<doc>Pauses the test executed for the given time.</doc>
<arguments>
<arg>2s</arg>
</arguments>
<msg timestamp="20200728 15:01:29.165" level="INFO">Slept 2 seconds</msg>
<status status="PASS" starttime="20200728 15:01:27.164" endtime="20200728 15:01:29.165"></status>
</kw>
<kw name="Click Element" library="Selenium2Library">
<doc>Click the element identified by ``locator``.</doc>
<arguments>
<arg>//button[@class='css-ab32j2'][contains(text(),'20')]</arg>
</arguments>
<msg timestamp="20200728 15:01:29.167" level="INFO">Clicking element '//button[@class='css-ab32j2'][contains(text(),'20')]'.</msg>
<status status="PASS" starttime="20200728 15:01:29.166" endtime="20200728 15:01:29.270"></status>
</kw>
<kw name="Sleep" library="BuiltIn">
<doc>Pauses the test executed for the given time.</doc>
<arguments>
<arg>2s</arg>
</arguments>
<msg timestamp="20200728 15:01:31.272" level="INFO">Slept 2 seconds</msg>
<status status="PASS" starttime="20200728 15:01:29.270" endtime="20200728 15:01:31.272"></status>
</kw>
<kw name="Click Element" library="Selenium2Library">
<doc>Click the element identified by ``locator``.</doc>
<arguments>
<arg>//button[@id='spassAppsFilterClearBtn']</arg>
</arguments>
<msg timestamp="20200728 15:01:31.273" level="INFO">Clicking element '//button[@id='spassAppsFilterClearBtn']'.</msg>
<status status="PASS" starttime="20200728 15:01:31.272" endtime="20200728 15:01:31.356"></status>
</kw>
<kw name="Sleep" library="BuiltIn">
<doc>Pauses the test executed for the given time.</doc>
<arguments>
<arg>5s</arg>
</arguments>
<msg timestamp="20200728 15:01:36.358" level="INFO">Slept 5 seconds</msg>
<status status="PASS" starttime="20200728 15:01:31.356" endtime="20200728 15:01:36.358"></status>
</kw>
<kw name="Click Element" library="Selenium2Library">
<doc>Click the element identified by ``locator``.</doc>
<arguments>
<arg>//*[@class='css-1gg9gay']//*[contains(text(),'To')]</arg>
</arguments>
<msg timestamp="20200728 15:01:36.359" level="INFO">Clicking element '//*[@class='css-1gg9gay']//*[contains(text(),'To')]'.</msg>
<status status="PASS" starttime="20200728 15:01:36.358" endtime="20200728 15:01:36.442"></status>
</kw>
<kw name="Sleep" library="BuiltIn">
<doc>Pauses the test executed for the given time.</doc>
<arguments>
<arg>2s</arg>
</arguments>
<msg timestamp="20200728 15:01:38.443" level="INFO">Slept 2 seconds</msg>
<status status="PASS" starttime="20200728 15:01:36.442" endtime="20200728 15:01:38.443"></status>
</kw>
<kw name="Wait Until Page Contains" library="Selenium2Library">
<doc>Waits until ``text`` appears on the current page.</doc>
<arguments>
<arg>July 2020</arg>
</arguments>
<status status="PASS" starttime="20200728 15:01:38.444" endtime="20200728 15:01:38.456"></status>
</kw>
<kw name="Sleep" library="BuiltIn">
<doc>Pauses the test executed for the given time.</doc>
<arguments>
<arg>2s</arg>
</arguments>
<msg timestamp="20200728 15:01:40.458" level="INFO">Slept 2 seconds</msg>
<status status="PASS" starttime="20200728 15:01:38.457" endtime="20200728 15:01:40.458"></status>
</kw>
<kw name="Click Element" library="Selenium2Library">
<doc>Click the element identified by ``locator``.</doc>
<arguments>
<arg>//div[@class='react-datepicker__day react-datepicker__day--015']</arg>
</arguments>
<msg timestamp="20200728 15:01:40.459" level="INFO">Clicking element '//div[@class='react-datepicker__day react-datepicker__day--015']'.</msg>
<status status="PASS" starttime="20200728 15:01:40.459" endtime="20200728 15:01:40.563"></status>
</kw>
<kw name="Sleep" library="BuiltIn">
<doc>Pauses the test executed for the given time.</doc>
<arguments>
<arg>2s</arg>
</arguments>
<msg timestamp="20200728 15:01:42.564" level="INFO">Slept 2 seconds</msg>
<status status="PASS" starttime="20200728 15:01:40.563" endtime="20200728 15:01:42.564"></status>
</kw>
<kw name="Click Element" library="Selenium2Library">
<doc>Click the element identified by ``locator``.</doc>
<arguments>
<arg>//button[@class='css-doaywb']</arg>
</arguments>
<msg timestamp="20200728 15:01:42.565" level="INFO">Clicking element '//button[@class='css-doaywb']'.</msg>
<status status="PASS" starttime="20200728 15:01:42.564" endtime="20200728 15:01:42.626"></status>
</kw>
<kw name="Page Should Contain" library="Selenium2Library">
<doc>Verifies that current page contains ``text``.</doc>
<arguments>
<arg>2020-07-15</arg>
</arguments>
<msg timestamp="20200728 15:01:42.648" level="INFO">Current page contains text '2020-07-15'.</msg>
<status status="PASS" starttime="20200728 15:01:42.626" endtime="20200728 15:01:42.649"></status>
</kw>
<kw name="Sleep" library="BuiltIn">
<doc>Pauses the test executed for the given time.</doc>
<arguments>
<arg>2s</arg>
</arguments>
<msg timestamp="20200728 15:01:44.651" level="INFO">Slept 2 seconds</msg>
<status status="PASS" starttime="20200728 15:01:42.649" endtime="20200728 15:01:44.651"></status>
</kw>
<kw name="Wait Until Element Is Visible" library="Selenium2Library">
<doc>Waits until the element ``locator`` is visible.</doc>
<arguments>
<arg>//*[@class='css-1vwly8k']</arg>
</arguments>
<status status="PASS" starttime="20200728 15:01:44.652" endtime="20200728 15:01:44.674"></status>
</kw>
<kw name="Capture Page Screenshot" library="Selenium2Library">
<doc>Takes a screenshot of the current page and embeds it into a log file.</doc>
<msg timestamp="20200728 15:01:45.054" level="INFO" html="yes">&lt;/td&gt;&lt;/tr&gt;&lt;tr&gt;&lt;td colspan="3"&gt;&lt;a href="selenium-screenshot-73.png"&gt;&lt;img src="selenium-screenshot-73.png" width="800px"&gt;&lt;/a&gt;</msg>
<status status="PASS" starttime="20200728 15:01:44.674" endtime="20200728 15:01:45.055"></status>
</kw>
<kw name="Sleep" library="BuiltIn">
<doc>Pauses the test executed for the given time.</doc>
<arguments>
<arg>2s</arg>
</arguments>
<msg timestamp="20200728 15:01:47.056" level="INFO">Slept 2 seconds</msg>
<status status="PASS" starttime="20200728 15:01:45.055" endtime="20200728 15:01:47.056"></status>
</kw>
<kw name="Click Element" library="Selenium2Library">
<doc>Click the element identified by ``locator``.</doc>
<arguments>
<arg>//li[@class='rc-pagination-next']//div[@id='iconButtonComponent']//*[local-name()='svg']</arg>
</arguments>
<msg timestamp="20200728 15:01:47.057" level="INFO">Clicking element '//li[@class='rc-pagination-next']//div[@id='iconButtonComponent']//*[local-name()='svg']'.</msg>
<status status="PASS" starttime="20200728 15:01:47.057" endtime="20200728 15:01:47.164"></status>
</kw>
<kw name="Sleep" library="BuiltIn">
<doc>Pauses the test executed for the given time.</doc>
<arguments>
<arg>2s</arg>
</arguments>
<msg timestamp="20200728 15:01:49.167" level="INFO">Slept 2 seconds</msg>
<status status="PASS" starttime="20200728 15:01:47.165" endtime="20200728 15:01:49.167"></status>
</kw>
<kw name="Click Element" library="Selenium2Library">
<doc>Click the element identified by ``locator``.</doc>
<arguments>
<arg>//li[@class='rc-pagination-next']//div[@id='iconButtonComponent']//*[local-name()='svg']</arg>
</arguments>
<msg timestamp="20200728 15:01:49.168" level="INFO">Clicking element '//li[@class='rc-pagination-next']//div[@id='iconButtonComponent']//*[local-name()='svg']'.</msg>
<status status="PASS" starttime="20200728 15:01:49.167" endtime="20200728 15:01:49.255"></status>
</kw>
<kw name="Sleep" library="BuiltIn">
<doc>Pauses the test executed for the given time.</doc>
<arguments>
<arg>2s</arg>
</arguments>
<msg timestamp="20200728 15:01:51.257" level="INFO">Slept 2 seconds</msg>
<status status="PASS" starttime="20200728 15:01:49.256" endtime="20200728 15:01:51.257"></status>
</kw>
<kw name="Click Element" library="Selenium2Library">
<doc>Click the element identified by ``locator``.</doc>
<arguments>
<arg>//button[@class='css-1hyd4x5']</arg>
</arguments>
<msg timestamp="20200728 15:01:51.258" level="INFO">Clicking element '//button[@class='css-1hyd4x5']'.</msg>
<status status="PASS" starttime="20200728 15:01:51.257" endtime="20200728 15:01:51.324"></status>
</kw>
<kw name="Sleep" library="BuiltIn">
<doc>Pauses the test executed for the given time.</doc>
<arguments>
<arg>2s</arg>
</arguments>
<msg timestamp="20200728 15:01:53.328" level="INFO">Slept 2 seconds</msg>
<status status="PASS" starttime="20200728 15:01:51.325" endtime="20200728 15:01:53.328"></status>
</kw>
<kw name="Click Element" library="Selenium2Library">
<doc>Click the element identified by ``locator``.</doc>
<arguments>
<arg>//button[@class='css-ab32j2'][contains(text(),'20')]</arg>
</arguments>
<msg timestamp="20200728 15:01:53.329" level="INFO">Clicking element '//button[@class='css-ab32j2'][contains(text(),'20')]'.</msg>
<status status="PASS" starttime="20200728 15:01:53.328" endtime="20200728 15:01:53.409"></status>
</kw>
<kw name="Sleep" library="BuiltIn">
<doc>Pauses the test executed for the given time.</doc>
<arguments>
<arg>2s</arg>
</arguments>
<msg timestamp="20200728 15:01:55.411" level="INFO">Slept 2 seconds</msg>
<status status="PASS" starttime="20200728 15:01:53.409" endtime="20200728 15:01:55.412"></status>
</kw>
<kw name="Click Element" library="Selenium2Library">
<doc>Click the element identified by ``locator``.</doc>
<arguments>
<arg>//button[@id='spassAppsFilterClearBtn']</arg>
</arguments>
<msg timestamp="20200728 15:01:55.414" level="INFO">Clicking element '//button[@id='spassAppsFilterClearBtn']'.</msg>
<status status="PASS" starttime="20200728 15:01:55.413" endtime="20200728 15:01:55.464"></status>
</kw>
<kw name="Sleep" library="BuiltIn">
<doc>Pauses the test executed for the given time.</doc>
<arguments>
<arg>5s</arg>
</arguments>
<msg timestamp="20200728 15:02:00.466" level="INFO">Slept 5 seconds</msg>
<status status="PASS" starttime="20200728 15:01:55.464" endtime="20200728 15:02:00.466"></status>
</kw>
<kw name="Log To Console" library="BuiltIn">
<doc>Logs the given message to the console.</doc>
<arguments>
<arg>%{username} ran this test on %{os}. Test Execution completed with no errors.</arg>
</arguments>
<status status="PASS" starttime="20200728 15:02:00.466" endtime="20200728 15:02:00.467"></status>
</kw>
<kw name="Close Window" library="Selenium2Library">
<doc>Closes currently opened and selected browser window/tab.</doc>
<status status="PASS" starttime="20200728 15:02:00.468" endtime="20200728 15:02:00.549"></status>
</kw>
<tags>
<tag>Functional Test</tag>
</tags>
<status status="PASS" starttime="20200728 14:53:25.851" endtime="20200728 15:02:00.550" critical="yes"></status>
</test>
<status status="PASS" starttime="20200728 14:53:25.435" endtime="20200728 15:02:00.553"></status>
</suite>
<status status="PASS" starttime="20200728 14:53:25.400" endtime="20200728 15:02:00.558"></status>
</suite>
<statistics>
<total>
<stat pass="1" fail="0">Critical Tests</stat>
<stat pass="1" fail="0">All Tests</stat>
</total>
<tag>
<stat pass="1" fail="0">Functional Test</stat>
</tag>
<suite>
<stat pass="1" fail="0" id="s1" name="Robotframework-Spass-Api-Integration-Testing">Robotframework-Spass-Api-Integration-Testing</stat>
<stat pass="1" fail="0" id="s1-s1" name="SPass Dev Regress &amp; Smoke">Robotframework-Spass-Api-Integration-Testing.SPass Dev Regress &amp; Smoke</stat>
</suite>
</statistics>
<errors>
</errors>
</robot>
